<?xml version="1.0" encoding="UTF-8"?>
<robot generator="Robot 7.3.2 (Python 3.12.5 on win32)" generated="2025-09-08T17:25:53.148217" rpa="false" schemaversion="5">
<suite id="s1" name="TC6001 &amp; TC6002 &amp; TC6003 &amp; TC6004">
<suite id="s1-s1" name="TC6001" source="D:\RobotPOS\promotion_tests\TC6001.robot">
<kw name="Open Browser To Login Page" owner="promotion_keywords" type="SETUP">
<kw name="Open Browser" owner="SeleniumLibrary">
<msg time="2025-09-08T17:25:53.814434" level="INFO">Opening browser 'chrome' to base url 'http://localhost:5173'.</msg>
<arg>${BASE_URL}</arg>
<arg>${BROWSER}</arg>
<doc>Opens a new browser instance to the optional ``url``.</doc>
<status status="PASS" start="2025-09-08T17:25:53.813434" elapsed="10.011613"/>
</kw>
<kw name="Maximize Browser Window" owner="SeleniumLibrary">
<doc>Maximizes current browser window.</doc>
<status status="PASS" start="2025-09-08T17:26:03.825585" elapsed="0.055577"/>
</kw>
<kw name="Wait Until Element Is Visible" owner="SeleniumLibrary">
<arg>css=input[name="username"]</arg>
<arg>${TIMEOUT}</arg>
<doc>Waits until the element ``locator`` is visible.</doc>
<status status="PASS" start="2025-09-08T17:26:03.881682" elapsed="0.065412"/>
</kw>
<status status="PASS" start="2025-09-08T17:25:53.812434" elapsed="10.135660"/>
</kw>
<test id="s1-s1-t1" name="เพิ่มโปรโมชั่นโดยตรง" line="11">
<kw name="Login Using Resource" owner="promotion_keywords">
<kw name="Input Username" owner="promotion_keywords">
<kw name="Input Text" owner="SeleniumLibrary">
<msg time="2025-09-08T17:26:03.951095" level="INFO">Typing text 'BN' into text field 'css=input[name='username']'.</msg>
<arg>css=input[name='username']</arg>
<arg>${username}</arg>
<doc>Types the given ``text`` into the text field identified by ``locator``.</doc>
<status status="PASS" start="2025-09-08T17:26:03.951095" elapsed="0.209138"/>
</kw>
<arg>${VALID_USER}</arg>
<status status="PASS" start="2025-09-08T17:26:03.950094" elapsed="0.210139"/>
</kw>
<kw name="Input Password" owner="promotion_keywords">
<kw name="Input Text" owner="SeleniumLibrary">
<msg time="2025-09-08T17:26:04.162230" level="INFO">Typing text '123' into text field 'css=input[name='password']'.</msg>
<arg>css=input[name='password']</arg>
<arg>${password}</arg>
<doc>Types the given ``text`` into the text field identified by ``locator``.</doc>
<status status="PASS" start="2025-09-08T17:26:04.161254" elapsed="0.154046"/>
</kw>
<arg>${VALID_PASSWORD}</arg>
<status status="PASS" start="2025-09-08T17:26:04.160233" elapsed="0.155067"/>
</kw>
<kw name="Submit Credentials" owner="promotion_keywords">
<kw name="Click Button" owner="SeleniumLibrary">
<msg time="2025-09-08T17:26:04.318116" level="INFO">Clicking button 'css=button[type='submit']'.</msg>
<arg>css=button[type='submit']</arg>
<doc>Clicks the button identified by ``locator``.</doc>
<status status="PASS" start="2025-09-08T17:26:04.316708" elapsed="0.182943"/>
</kw>
<status status="PASS" start="2025-09-08T17:26:04.316708" elapsed="0.182943"/>
</kw>
<kw name="Welcome Page Should Be Open" owner="promotion_keywords">
<kw name="Wait Until Page Contains Element" owner="SeleniumLibrary">
<arg>xpath=//*[@id="root"]/div/aside/div/nav/div/a[2]</arg>
<arg>${TIMEOUT}</arg>
<doc>Waits until the element ``locator`` appears on the current page.</doc>
<status status="PASS" start="2025-09-08T17:26:04.500754" elapsed="0.265045"/>
</kw>
<status status="PASS" start="2025-09-08T17:26:04.500754" elapsed="0.265045"/>
</kw>
<kw name="Sleep" owner="BuiltIn">
<msg time="2025-09-08T17:26:05.766940" level="INFO">Slept 1 second.</msg>
<arg>1s</arg>
<doc>Pauses the test executed for the given time.</doc>
<status status="PASS" start="2025-09-08T17:26:04.766812" elapsed="1.000128"/>
</kw>
<status status="PASS" start="2025-09-08T17:26:03.950094" elapsed="1.816846"/>
</kw>
<kw name="Go To Promotion Page" owner="promotion_keywords">
<kw name="Go To" owner="SeleniumLibrary">
<msg time="2025-09-08T17:26:05.769627" level="INFO">Opening url 'http://localhost:5173/management/promotions'</msg>
<arg>${BASE_URL}/management/promotions</arg>
<doc>Navigates the current browser window to the provided ``url``.</doc>
<status status="PASS" start="2025-09-08T17:26:05.769114" elapsed="0.267943"/>
</kw>
<kw name="Wait Until Page Contains Element" owner="SeleniumLibrary">
<arg>id=create-promotion-button</arg>
<arg>${TIMEOUT}</arg>
<doc>Waits until the element ``locator`` appears on the current page.</doc>
<status status="PASS" start="2025-09-08T17:26:06.037057" elapsed="0.130422"/>
</kw>
<status status="PASS" start="2025-09-08T17:26:05.767973" elapsed="0.400523"/>
</kw>
<kw name="Click Add Promotion Button" owner="promotion_keywords">
<kw name="Wait Until Element Is Visible" owner="SeleniumLibrary">
<arg>id=create-promotion-button</arg>
<arg>${TIMEOUT}</arg>
<doc>Waits until the element ``locator`` is visible.</doc>
<status status="PASS" start="2025-09-08T17:26:06.170539" elapsed="0.025123"/>
</kw>
<kw name="Click Element" owner="SeleniumLibrary">
<msg time="2025-09-08T17:26:06.196668" level="INFO">Clicking element 'id=create-promotion-button'.</msg>
<arg>id=create-promotion-button</arg>
<doc>Click the element identified by ``locator``.</doc>
<status status="PASS" start="2025-09-08T17:26:06.195662" elapsed="0.173023"/>
</kw>
<kw name="Wait Until Element Is Visible" owner="SeleniumLibrary">
<arg>id=create-promotion-name-input</arg>
<arg>${TIMEOUT}</arg>
<doc>Waits until the element ``locator`` is visible.</doc>
<status status="PASS" start="2025-09-08T17:26:06.369683" elapsed="0.052499"/>
</kw>
<status status="PASS" start="2025-09-08T17:26:06.168496" elapsed="0.253686"/>
</kw>
<kw name="Input Promotion Name" owner="promotion_keywords">
<kw name="Input Text" owner="SeleniumLibrary">
<msg time="2025-09-08T17:26:06.424183" level="INFO">Typing text 'Sale คุ้มสุด1' into text field 'id=create-promotion-name-input'.</msg>
<arg>id=create-promotion-name-input</arg>
<arg>${name}</arg>
<doc>Types the given ``text`` into the text field identified by ``locator``.</doc>
<status status="PASS" start="2025-09-08T17:26:06.424183" elapsed="0.237292"/>
</kw>
<arg>${PROMOTION_NAME}</arg>
<status status="PASS" start="2025-09-08T17:26:06.423180" elapsed="0.238295"/>
</kw>
<kw name="Select Promotion Date" owner="promotion_keywords">
<kw name="Run Keyword If" owner="BuiltIn">
<kw name="Click Element" owner="SeleniumLibrary">
<msg time="2025-09-08T17:26:06.664170" level="INFO">Clicking element 'id=create-promotion-start-date'.</msg>
<arg>id=create-promotion-start-date</arg>
<doc>Click the element identified by ``locator``.</doc>
<status status="PASS" start="2025-09-08T17:26:06.663625" elapsed="0.226464"/>
</kw>
<arg>'${date_type}'=='start'</arg>
<arg>Click Element</arg>
<arg>id=create-promotion-start-date</arg>
<arg>ELSE</arg>
<arg>Click Element</arg>
<arg>id=create-promotion-end-date</arg>
<doc>Runs the given keyword with the given arguments, if ``condition`` is true.</doc>
<status status="PASS" start="2025-09-08T17:26:06.663099" elapsed="0.228236"/>
</kw>
<kw name="Wait Until Element Is Visible" owner="SeleniumLibrary">
<arg>css=.react-datepicker</arg>
<arg>${TIMEOUT}</arg>
<doc>Waits until the element ``locator`` is visible.</doc>
<status status="PASS" start="2025-09-08T17:26:06.891335" elapsed="0.032986"/>
</kw>
<for flavor="IN RANGE">
<iter>
<kw name="Get Text" owner="SeleniumLibrary">
<msg time="2025-09-08T17:26:06.963569" level="INFO">${current} = กันยายน 2025</msg>
<var>${current}</var>
<arg>css=.react-datepicker__current-month</arg>
<doc>Returns the text value of the element identified by ``locator``.</doc>
<status status="PASS" start="2025-09-08T17:26:06.925522" elapsed="0.039092"/>
</kw>
<kw name="Evaluate" owner="BuiltIn">
<msg time="2025-09-08T17:26:06.964614" level="INFO">${parts} = กันยายน 2025.split()</msg>
<var>${parts}</var>
<arg>'${current}.split()'</arg>
<doc>Evaluates the given expression in Python and returns the result.</doc>
<status status="PASS" start="2025-09-08T17:26:06.964614" elapsed="0.000000"/>
</kw>
<kw name="Set Variable" owner="BuiltIn">
<msg time="2025-09-08T17:26:06.967121" level="INFO">${current_month} = ก</msg>
<var>${current_month}</var>
<arg>${parts[0]}</arg>
<doc>Returns the given values which can then be assigned to a variables.</doc>
<status status="PASS" start="2025-09-08T17:26:06.965633" elapsed="0.001488"/>
</kw>
<kw name="Set Variable" owner="BuiltIn">
<msg time="2025-09-08T17:26:06.969175" level="INFO">${current_year} = ั</msg>
<var>${current_year}</var>
<arg>${parts[1]}</arg>
<doc>Returns the given values which can then be assigned to a variables.</doc>
<status status="PASS" start="2025-09-08T17:26:06.967121" elapsed="0.002054"/>
</kw>
<kw name="Run Keyword If" owner="BuiltIn">
<arg>'${current_month}'=='${month}' and '${current_year}'=='${year}'</arg>
<arg>Exit For Loop</arg>
<doc>Runs the given keyword with the given arguments, if ``condition`` is true.</doc>
<status status="PASS" start="2025-09-08T17:26:06.969175" elapsed="0.001000"/>
</kw>
<kw name="Click Element" owner="SeleniumLibrary">
<msg time="2025-09-08T17:26:06.971153" level="INFO">Clicking element 'css=.react-datepicker__navigation--next'.</msg>
<arg>css=.react-datepicker__navigation--next</arg>
<doc>Click the element identified by ``locator``.</doc>
<status status="PASS" start="2025-09-08T17:26:06.970175" elapsed="0.230058"/>
</kw>
<kw name="Sleep" owner="BuiltIn">
<msg time="2025-09-08T17:26:07.700321" level="INFO">Slept 500 milliseconds.</msg>
<arg>0.5s</arg>
<doc>Pauses the test executed for the given time.</doc>
<status status="PASS" start="2025-09-08T17:26:07.200233" elapsed="0.500088"/>
</kw>
<var name="${i}">0</var>
<status status="PASS" start="2025-09-08T17:26:06.925522" elapsed="0.774799"/>
</iter>
<iter>
<kw name="Get Text" owner="SeleniumLibrary">
<msg time="2025-09-08T17:26:07.728236" level="INFO">${current} = ตุลาคม 2025</msg>
<var>${current}</var>
<arg>css=.react-datepicker__current-month</arg>
<doc>Returns the text value of the element identified by ``locator``.</doc>
<status status="PASS" start="2025-09-08T17:26:07.701413" elapsed="0.027915"/>
</kw>
<kw name="Evaluate" owner="BuiltIn">
<msg time="2025-09-08T17:26:07.729328" level="INFO">${parts} = ตุลาคม 2025.split()</msg>
<var>${parts}</var>
<arg>'${current}.split()'</arg>
<doc>Evaluates the given expression in Python and returns the result.</doc>
<status status="PASS" start="2025-09-08T17:26:07.729328" elapsed="0.000000"/>
</kw>
<kw name="Set Variable" owner="BuiltIn">
<msg time="2025-09-08T17:26:07.731709" level="INFO">${current_month} = ต</msg>
<var>${current_month}</var>
<arg>${parts[0]}</arg>
<doc>Returns the given values which can then be assigned to a variables.</doc>
<status status="PASS" start="2025-09-08T17:26:07.729328" elapsed="0.002381"/>
</kw>
<kw name="Set Variable" owner="BuiltIn">
<msg time="2025-09-08T17:26:07.734697" level="INFO">${current_year} = ุ</msg>
<var>${current_year}</var>
<arg>${parts[1]}</arg>
<doc>Returns the given values which can then be assigned to a variables.</doc>
<status status="PASS" start="2025-09-08T17:26:07.731709" elapsed="0.002988"/>
</kw>
<kw name="Run Keyword If" owner="BuiltIn">
<arg>'${current_month}'=='${month}' and '${current_year}'=='${year}'</arg>
<arg>Exit For Loop</arg>
<doc>Runs the given keyword with the given arguments, if ``condition`` is true.</doc>
<status status="PASS" start="2025-09-08T17:26:07.735707" elapsed="0.000000"/>
</kw>
<kw name="Click Element" owner="SeleniumLibrary">
<msg time="2025-09-08T17:26:07.737203" level="INFO">Clicking element 'css=.react-datepicker__navigation--next'.</msg>
<arg>css=.react-datepicker__navigation--next</arg>
<doc>Click the element identified by ``locator``.</doc>
<status status="PASS" start="2025-09-08T17:26:07.736687" elapsed="0.181365"/>
</kw>
<kw name="Sleep" owner="BuiltIn">
<msg time="2025-09-08T17:26:08.418283" level="INFO">Slept 500 milliseconds.</msg>
<arg>0.5s</arg>
<doc>Pauses the test executed for the given time.</doc>
<status status="PASS" start="2025-09-08T17:26:07.918052" elapsed="0.500231"/>
</kw>
<var name="${i}">1</var>
<status status="PASS" start="2025-09-08T17:26:07.700321" elapsed="0.717962"/>
</iter>
<iter>
<kw name="Get Text" owner="SeleniumLibrary">
<msg time="2025-09-08T17:26:08.447700" level="INFO">${current} = พฤศจิกายน 2025</msg>
<var>${current}</var>
<arg>css=.react-datepicker__current-month</arg>
<doc>Returns the text value of the element identified by ``locator``.</doc>
<status status="PASS" start="2025-09-08T17:26:08.419296" elapsed="0.028404"/>
</kw>
<kw name="Evaluate" owner="BuiltIn">
<msg time="2025-09-08T17:26:08.449201" level="INFO">${parts} = พฤศจิกายน 2025.split()</msg>
<var>${parts}</var>
<arg>'${current}.split()'</arg>
<doc>Evaluates the given expression in Python and returns the result.</doc>
<status status="PASS" start="2025-09-08T17:26:08.449201" elapsed="0.000000"/>
</kw>
<kw name="Set Variable" owner="BuiltIn">
<msg time="2025-09-08T17:26:08.451718" level="INFO">${current_month} = พ</msg>
<var>${current_month}</var>
<arg>${parts[0]}</arg>
<doc>Returns the given values which can then be assigned to a variables.</doc>
<status status="PASS" start="2025-09-08T17:26:08.450252" elapsed="0.002853"/>
</kw>
<kw name="Set Variable" owner="BuiltIn">
<msg time="2025-09-08T17:26:08.455694" level="INFO">${current_year} = ฤ</msg>
<var>${current_year}</var>
<arg>${parts[1]}</arg>
<doc>Returns the given values which can then be assigned to a variables.</doc>
<status status="PASS" start="2025-09-08T17:26:08.453105" elapsed="0.002589"/>
</kw>
<kw name="Run Keyword If" owner="BuiltIn">
<arg>'${current_month}'=='${month}' and '${current_year}'=='${year}'</arg>
<arg>Exit For Loop</arg>
<doc>Runs the given keyword with the given arguments, if ``condition`` is true.</doc>
<status status="PASS" start="2025-09-08T17:26:08.455694" elapsed="0.000000"/>
</kw>
<kw name="Click Element" owner="SeleniumLibrary">
<msg time="2025-09-08T17:26:08.457171" level="INFO">Clicking element 'css=.react-datepicker__navigation--next'.</msg>
<arg>css=.react-datepicker__navigation--next</arg>
<doc>Click the element identified by ``locator``.</doc>
<status status="PASS" start="2025-09-08T17:26:08.455694" elapsed="0.176207"/>
</kw>
<kw name="Sleep" owner="BuiltIn">
<msg time="2025-09-08T17:26:09.133259" level="INFO">Slept 500 milliseconds.</msg>
<arg>0.5s</arg>
<doc>Pauses the test executed for the given time.</doc>
<status status="PASS" start="2025-09-08T17:26:08.631901" elapsed="0.501358"/>
</kw>
<var name="${i}">2</var>
<status status="PASS" start="2025-09-08T17:26:08.419296" elapsed="0.713963"/>
</iter>
<iter>
<kw name="Get Text" owner="SeleniumLibrary">
<msg time="2025-09-08T17:26:09.162229" level="INFO">${current} = ธันวาคม 2025</msg>
<var>${current}</var>
<arg>css=.react-datepicker__current-month</arg>
<doc>Returns the text value of the element identified by ``locator``.</doc>
<status status="PASS" start="2025-09-08T17:26:09.134317" elapsed="0.027912"/>
</kw>
<kw name="Evaluate" owner="BuiltIn">
<msg time="2025-09-08T17:26:09.163463" level="INFO">${parts} = ธันวาคม 2025.split()</msg>
<var>${parts}</var>
<arg>'${current}.split()'</arg>
<doc>Evaluates the given expression in Python and returns the result.</doc>
<status status="PASS" start="2025-09-08T17:26:09.162229" elapsed="0.001234"/>
</kw>
<kw name="Set Variable" owner="BuiltIn">
<msg time="2025-09-08T17:26:09.165475" level="INFO">${current_month} = ธ</msg>
<var>${current_month}</var>
<arg>${parts[0]}</arg>
<doc>Returns the given values which can then be assigned to a variables.</doc>
<status status="PASS" start="2025-09-08T17:26:09.163463" elapsed="0.002012"/>
</kw>
<kw name="Set Variable" owner="BuiltIn">
<msg time="2025-09-08T17:26:09.166477" level="INFO">${current_year} = ั</msg>
<var>${current_year}</var>
<arg>${parts[1]}</arg>
<doc>Returns the given values which can then be assigned to a variables.</doc>
<status status="PASS" start="2025-09-08T17:26:09.165475" elapsed="0.001002"/>
</kw>
<kw name="Run Keyword If" owner="BuiltIn">
<arg>'${current_month}'=='${month}' and '${current_year}'=='${year}'</arg>
<arg>Exit For Loop</arg>
<doc>Runs the given keyword with the given arguments, if ``condition`` is true.</doc>
<status status="PASS" start="2025-09-08T17:26:09.167476" elapsed="0.000000"/>
</kw>
<kw name="Click Element" owner="SeleniumLibrary">
<msg time="2025-09-08T17:26:09.167476" level="INFO">Clicking element 'css=.react-datepicker__navigation--next'.</msg>
<arg>css=.react-datepicker__navigation--next</arg>
<doc>Click the element identified by ``locator``.</doc>
<status status="PASS" start="2025-09-08T17:26:09.167476" elapsed="0.193580"/>
</kw>
<kw name="Sleep" owner="BuiltIn">
<msg time="2025-09-08T17:26:09.862571" level="INFO">Slept 500 milliseconds.</msg>
<arg>0.5s</arg>
<doc>Pauses the test executed for the given time.</doc>
<status status="PASS" start="2025-09-08T17:26:09.361056" elapsed="0.501515"/>
</kw>
<var name="${i}">3</var>
<status status="PASS" start="2025-09-08T17:26:09.134317" elapsed="0.728766"/>
</iter>
<iter>
<kw name="Get Text" owner="SeleniumLibrary">
<msg time="2025-09-08T17:26:09.892538" level="INFO">${current} = มกราคม 2026</msg>
<var>${current}</var>
<arg>css=.react-datepicker__current-month</arg>
<doc>Returns the text value of the element identified by ``locator``.</doc>
<status status="PASS" start="2025-09-08T17:26:09.863083" elapsed="0.029455"/>
</kw>
<kw name="Evaluate" owner="BuiltIn">
<msg time="2025-09-08T17:26:09.892538" level="INFO">${parts} = มกราคม 2026.split()</msg>
<var>${parts}</var>
<arg>'${current}.split()'</arg>
<doc>Evaluates the given expression in Python and returns the result.</doc>
<status status="PASS" start="2025-09-08T17:26:09.892538" elapsed="0.000000"/>
</kw>
<kw name="Set Variable" owner="BuiltIn">
<msg time="2025-09-08T17:26:09.896021" level="INFO">${current_month} = ม</msg>
<var>${current_month}</var>
<arg>${parts[0]}</arg>
<doc>Returns the given values which can then be assigned to a variables.</doc>
<status status="PASS" start="2025-09-08T17:26:09.893990" elapsed="0.002031"/>
</kw>
<kw name="Set Variable" owner="BuiltIn">
<msg time="2025-09-08T17:26:09.898039" level="INFO">${current_year} = ก</msg>
<var>${current_year}</var>
<arg>${parts[1]}</arg>
<doc>Returns the given values which can then be assigned to a variables.</doc>
<status status="PASS" start="2025-09-08T17:26:09.896021" elapsed="0.002018"/>
</kw>
<kw name="Run Keyword If" owner="BuiltIn">
<arg>'${current_month}'=='${month}' and '${current_year}'=='${year}'</arg>
<arg>Exit For Loop</arg>
<doc>Runs the given keyword with the given arguments, if ``condition`` is true.</doc>
<status status="PASS" start="2025-09-08T17:26:09.898039" elapsed="0.000994"/>
</kw>
<kw name="Click Element" owner="SeleniumLibrary">
<msg time="2025-09-08T17:26:09.900018" level="INFO">Clicking element 'css=.react-datepicker__navigation--next'.</msg>
<arg>css=.react-datepicker__navigation--next</arg>
<doc>Click the element identified by ``locator``.</doc>
<status status="PASS" start="2025-09-08T17:26:09.899033" elapsed="0.187724"/>
</kw>
<kw name="Sleep" owner="BuiltIn">
<msg time="2025-09-08T17:26:10.588086" level="INFO">Slept 500 milliseconds.</msg>
<arg>0.5s</arg>
<doc>Pauses the test executed for the given time.</doc>
<status status="PASS" start="2025-09-08T17:26:10.087753" elapsed="0.500333"/>
</kw>
<var name="${i}">4</var>
<status status="PASS" start="2025-09-08T17:26:09.863083" elapsed="0.725003"/>
</iter>
<iter>
<kw name="Get Text" owner="SeleniumLibrary">
<msg time="2025-09-08T17:26:10.621176" level="INFO">${current} = กุมภาพันธ์ 2026</msg>
<var>${current}</var>
<arg>css=.react-datepicker__current-month</arg>
<doc>Returns the text value of the element identified by ``locator``.</doc>
<status status="PASS" start="2025-09-08T17:26:10.589127" elapsed="0.032049"/>
</kw>
<kw name="Evaluate" owner="BuiltIn">
<msg time="2025-09-08T17:26:10.621176" level="INFO">${parts} = กุมภาพันธ์ 2026.split()</msg>
<var>${parts}</var>
<arg>'${current}.split()'</arg>
<doc>Evaluates the given expression in Python and returns the result.</doc>
<status status="PASS" start="2025-09-08T17:26:10.621176" elapsed="0.000000"/>
</kw>
<kw name="Set Variable" owner="BuiltIn">
<msg time="2025-09-08T17:26:10.623521" level="INFO">${current_month} = ก</msg>
<var>${current_month}</var>
<arg>${parts[0]}</arg>
<doc>Returns the given values which can then be assigned to a variables.</doc>
<status status="PASS" start="2025-09-08T17:26:10.622494" elapsed="0.001027"/>
</kw>
<kw name="Set Variable" owner="BuiltIn">
<msg time="2025-09-08T17:26:10.625522" level="INFO">${current_year} = ุ</msg>
<var>${current_year}</var>
<arg>${parts[1]}</arg>
<doc>Returns the given values which can then be assigned to a variables.</doc>
<status status="PASS" start="2025-09-08T17:26:10.623521" elapsed="0.002001"/>
</kw>
<kw name="Run Keyword If" owner="BuiltIn">
<arg>'${current_month}'=='${month}' and '${current_year}'=='${year}'</arg>
<arg>Exit For Loop</arg>
<doc>Runs the given keyword with the given arguments, if ``condition`` is true.</doc>
<status status="PASS" start="2025-09-08T17:26:10.626540" elapsed="0.000558"/>
</kw>
<kw name="Click Element" owner="SeleniumLibrary">
<msg time="2025-09-08T17:26:10.627098" level="INFO">Clicking element 'css=.react-datepicker__navigation--next'.</msg>
<arg>css=.react-datepicker__navigation--next</arg>
<doc>Click the element identified by ``locator``.</doc>
<status status="PASS" start="2025-09-08T17:26:10.627098" elapsed="0.183002"/>
</kw>
<kw name="Sleep" owner="BuiltIn">
<msg time="2025-09-08T17:26:11.311645" level="INFO">Slept 500 milliseconds.</msg>
<arg>0.5s</arg>
<doc>Pauses the test executed for the given time.</doc>
<status status="PASS" start="2025-09-08T17:26:10.811378" elapsed="0.500267"/>
</kw>
<var name="${i}">5</var>
<status status="PASS" start="2025-09-08T17:26:10.589127" elapsed="0.722518"/>
</iter>
<iter>
<kw name="Get Text" owner="SeleniumLibrary">
<msg time="2025-09-08T17:26:11.340014" level="INFO">${current} = มีนาคม 2026</msg>
<var>${current}</var>
<arg>css=.react-datepicker__current-month</arg>
<doc>Returns the text value of the element identified by ``locator``.</doc>
<status status="PASS" start="2025-09-08T17:26:11.312675" elapsed="0.027339"/>
</kw>
<kw name="Evaluate" owner="BuiltIn">
<msg time="2025-09-08T17:26:11.340998" level="INFO">${parts} = มีนาคม 2026.split()</msg>
<var>${parts}</var>
<arg>'${current}.split()'</arg>
<doc>Evaluates the given expression in Python and returns the result.</doc>
<status status="PASS" start="2025-09-08T17:26:11.340014" elapsed="0.000984"/>
</kw>
<kw name="Set Variable" owner="BuiltIn">
<msg time="2025-09-08T17:26:11.343531" level="INFO">${current_month} = ม</msg>
<var>${current_month}</var>
<arg>${parts[0]}</arg>
<doc>Returns the given values which can then be assigned to a variables.</doc>
<status status="PASS" start="2025-09-08T17:26:11.340998" elapsed="0.002533"/>
</kw>
<kw name="Set Variable" owner="BuiltIn">
<msg time="2025-09-08T17:26:11.345523" level="INFO">${current_year} = ี</msg>
<var>${current_year}</var>
<arg>${parts[1]}</arg>
<doc>Returns the given values which can then be assigned to a variables.</doc>
<status status="PASS" start="2025-09-08T17:26:11.343531" elapsed="0.001992"/>
</kw>
<kw name="Run Keyword If" owner="BuiltIn">
<arg>'${current_month}'=='${month}' and '${current_year}'=='${year}'</arg>
<arg>Exit For Loop</arg>
<doc>Runs the given keyword with the given arguments, if ``condition`` is true.</doc>
<status status="PASS" start="2025-09-08T17:26:11.346528" elapsed="0.000000"/>
</kw>
<kw name="Click Element" owner="SeleniumLibrary">
<msg time="2025-09-08T17:26:11.347525" level="INFO">Clicking element 'css=.react-datepicker__navigation--next'.</msg>
<arg>css=.react-datepicker__navigation--next</arg>
<doc>Click the element identified by ``locator``.</doc>
<status status="PASS" start="2025-09-08T17:26:11.346528" elapsed="0.143765"/>
</kw>
<kw name="Sleep" owner="BuiltIn">
<msg time="2025-09-08T17:26:11.991457" level="INFO">Slept 500 milliseconds.</msg>
<arg>0.5s</arg>
<doc>Pauses the test executed for the given time.</doc>
<status status="PASS" start="2025-09-08T17:26:11.490293" elapsed="0.501164"/>
</kw>
<var name="${i}">6</var>
<status status="PASS" start="2025-09-08T17:26:11.312675" elapsed="0.678782"/>
</iter>
<iter>
<kw name="Get Text" owner="SeleniumLibrary">
<msg time="2025-09-08T17:26:12.017535" level="INFO">${current} = เมษายน 2026</msg>
<var>${current}</var>
<arg>css=.react-datepicker__current-month</arg>
<doc>Returns the text value of the element identified by ``locator``.</doc>
<status status="PASS" start="2025-09-08T17:26:11.991457" elapsed="0.026078"/>
</kw>
<kw name="Evaluate" owner="BuiltIn">
<msg time="2025-09-08T17:26:12.018535" level="INFO">${parts} = เมษายน 2026.split()</msg>
<var>${parts}</var>
<arg>'${current}.split()'</arg>
<doc>Evaluates the given expression in Python and returns the result.</doc>
<status status="PASS" start="2025-09-08T17:26:12.017535" elapsed="0.001000"/>
</kw>
<kw name="Set Variable" owner="BuiltIn">
<msg time="2025-09-08T17:26:12.021543" level="INFO">${current_month} = เ</msg>
<var>${current_month}</var>
<arg>${parts[0]}</arg>
<doc>Returns the given values which can then be assigned to a variables.</doc>
<status status="PASS" start="2025-09-08T17:26:12.019539" elapsed="0.002004"/>
</kw>
<kw name="Set Variable" owner="BuiltIn">
<msg time="2025-09-08T17:26:12.024280" level="INFO">${current_year} = ม</msg>
<var>${current_year}</var>
<arg>${parts[1]}</arg>
<doc>Returns the given values which can then be assigned to a variables.</doc>
<status status="PASS" start="2025-09-08T17:26:12.021543" elapsed="0.002737"/>
</kw>
<kw name="Run Keyword If" owner="BuiltIn">
<arg>'${current_month}'=='${month}' and '${current_year}'=='${year}'</arg>
<arg>Exit For Loop</arg>
<doc>Runs the given keyword with the given arguments, if ``condition`` is true.</doc>
<status status="PASS" start="2025-09-08T17:26:12.024280" elapsed="0.001026"/>
</kw>
<kw name="Click Element" owner="SeleniumLibrary">
<msg time="2025-09-08T17:26:12.026283" level="INFO">Clicking element 'css=.react-datepicker__navigation--next'.</msg>
<arg>css=.react-datepicker__navigation--next</arg>
<doc>Click the element identified by ``locator``.</doc>
<status status="PASS" start="2025-09-08T17:26:12.025306" elapsed="0.165833"/>
</kw>
<kw name="Sleep" owner="BuiltIn">
<msg time="2025-09-08T17:26:12.692721" level="INFO">Slept 500 milliseconds.</msg>
<arg>0.5s</arg>
<doc>Pauses the test executed for the given time.</doc>
<status status="PASS" start="2025-09-08T17:26:12.191139" elapsed="0.502127"/>
</kw>
<var name="${i}">7</var>
<status status="PASS" start="2025-09-08T17:26:11.991457" elapsed="0.701809"/>
</iter>
<iter>
<kw name="Get Text" owner="SeleniumLibrary">
<msg time="2025-09-08T17:26:12.721154" level="INFO">${current} = พฤษภาคม 2026</msg>
<var>${current}</var>
<arg>css=.react-datepicker__current-month</arg>
<doc>Returns the text value of the element identified by ``locator``.</doc>
<status status="PASS" start="2025-09-08T17:26:12.694284" elapsed="0.027947"/>
</kw>
<kw name="Evaluate" owner="BuiltIn">
<msg time="2025-09-08T17:26:12.723247" level="INFO">${parts} = พฤษภาคม 2026.split()</msg>
<var>${parts}</var>
<arg>'${current}.split()'</arg>
<doc>Evaluates the given expression in Python and returns the result.</doc>
<status status="PASS" start="2025-09-08T17:26:12.722231" elapsed="0.001016"/>
</kw>
<kw name="Set Variable" owner="BuiltIn">
<msg time="2025-09-08T17:26:12.725244" level="INFO">${current_month} = พ</msg>
<var>${current_month}</var>
<arg>${parts[0]}</arg>
<doc>Returns the given values which can then be assigned to a variables.</doc>
<status status="PASS" start="2025-09-08T17:26:12.723247" elapsed="0.001997"/>
</kw>
<kw name="Set Variable" owner="BuiltIn">
<msg time="2025-09-08T17:26:12.726764" level="INFO">${current_year} = ฤ</msg>
<var>${current_year}</var>
<arg>${parts[1]}</arg>
<doc>Returns the given values which can then be assigned to a variables.</doc>
<status status="PASS" start="2025-09-08T17:26:12.725244" elapsed="0.001520"/>
</kw>
<kw name="Run Keyword If" owner="BuiltIn">
<arg>'${current_month}'=='${month}' and '${current_year}'=='${year}'</arg>
<arg>Exit For Loop</arg>
<doc>Runs the given keyword with the given arguments, if ``condition`` is true.</doc>
<status status="PASS" start="2025-09-08T17:26:12.727776" elapsed="0.000000"/>
</kw>
<kw name="Click Element" owner="SeleniumLibrary">
<msg time="2025-09-08T17:26:12.728777" level="INFO">Clicking element 'css=.react-datepicker__navigation--next'.</msg>
<arg>css=.react-datepicker__navigation--next</arg>
<doc>Click the element identified by ``locator``.</doc>
<status status="PASS" start="2025-09-08T17:26:12.727776" elapsed="0.146245"/>
</kw>
<kw name="Sleep" owner="BuiltIn">
<msg time="2025-09-08T17:26:13.375668" level="INFO">Slept 500 milliseconds.</msg>
<arg>0.5s</arg>
<doc>Pauses the test executed for the given time.</doc>
<status status="PASS" start="2025-09-08T17:26:12.875023" elapsed="0.500645"/>
</kw>
<var name="${i}">8</var>
<status status="PASS" start="2025-09-08T17:26:12.693266" elapsed="0.682402"/>
</iter>
<iter>
<kw name="Get Text" owner="SeleniumLibrary">
<msg time="2025-09-08T17:26:13.405511" level="INFO">${current} = มิถุนายน 2026</msg>
<var>${current}</var>
<arg>css=.react-datepicker__current-month</arg>
<doc>Returns the text value of the element identified by ``locator``.</doc>
<status status="PASS" start="2025-09-08T17:26:13.375668" elapsed="0.029843"/>
</kw>
<kw name="Evaluate" owner="BuiltIn">
<msg time="2025-09-08T17:26:13.406510" level="INFO">${parts} = มิถุนายน 2026.split()</msg>
<var>${parts}</var>
<arg>'${current}.split()'</arg>
<doc>Evaluates the given expression in Python and returns the result.</doc>
<status status="PASS" start="2025-09-08T17:26:13.405511" elapsed="0.000999"/>
</kw>
<kw name="Set Variable" owner="BuiltIn">
<msg time="2025-09-08T17:26:13.408528" level="INFO">${current_month} = ม</msg>
<var>${current_month}</var>
<arg>${parts[0]}</arg>
<doc>Returns the given values which can then be assigned to a variables.</doc>
<status status="PASS" start="2025-09-08T17:26:13.406510" elapsed="0.002018"/>
</kw>
<kw name="Set Variable" owner="BuiltIn">
<msg time="2025-09-08T17:26:13.409514" level="INFO">${current_year} = ิ</msg>
<var>${current_year}</var>
<arg>${parts[1]}</arg>
<doc>Returns the given values which can then be assigned to a variables.</doc>
<status status="PASS" start="2025-09-08T17:26:13.408528" elapsed="0.002019"/>
</kw>
<kw name="Run Keyword If" owner="BuiltIn">
<arg>'${current_month}'=='${month}' and '${current_year}'=='${year}'</arg>
<arg>Exit For Loop</arg>
<doc>Runs the given keyword with the given arguments, if ``condition`` is true.</doc>
<status status="PASS" start="2025-09-08T17:26:13.410547" elapsed="0.000000"/>
</kw>
<kw name="Click Element" owner="SeleniumLibrary">
<msg time="2025-09-08T17:26:13.410547" level="INFO">Clicking element 'css=.react-datepicker__navigation--next'.</msg>
<arg>css=.react-datepicker__navigation--next</arg>
<doc>Click the element identified by ``locator``.</doc>
<status status="PASS" start="2025-09-08T17:26:13.410547" elapsed="0.145740"/>
</kw>
<kw name="Sleep" owner="BuiltIn">
<msg time="2025-09-08T17:26:14.057702" level="INFO">Slept 500 milliseconds.</msg>
<arg>0.5s</arg>
<doc>Pauses the test executed for the given time.</doc>
<status status="PASS" start="2025-09-08T17:26:13.556287" elapsed="0.501415"/>
</kw>
<var name="${i}">9</var>
<status status="PASS" start="2025-09-08T17:26:13.375668" elapsed="0.682034"/>
</iter>
<iter>
<kw name="Get Text" owner="SeleniumLibrary">
<msg time="2025-09-08T17:26:14.085608" level="INFO">${current} = กรกฎาคม 2026</msg>
<var>${current}</var>
<arg>css=.react-datepicker__current-month</arg>
<doc>Returns the text value of the element identified by ``locator``.</doc>
<status status="PASS" start="2025-09-08T17:26:14.058794" elapsed="0.026814"/>
</kw>
<kw name="Evaluate" owner="BuiltIn">
<msg time="2025-09-08T17:26:14.086608" level="INFO">${parts} = กรกฎาคม 2026.split()</msg>
<var>${parts}</var>
<arg>'${current}.split()'</arg>
<doc>Evaluates the given expression in Python and returns the result.</doc>
<status status="PASS" start="2025-09-08T17:26:14.085608" elapsed="0.001000"/>
</kw>
<kw name="Set Variable" owner="BuiltIn">
<msg time="2025-09-08T17:26:14.088041" level="INFO">${current_month} = ก</msg>
<var>${current_month}</var>
<arg>${parts[0]}</arg>
<doc>Returns the given values which can then be assigned to a variables.</doc>
<status status="PASS" start="2025-09-08T17:26:14.086608" elapsed="0.001433"/>
</kw>
<kw name="Set Variable" owner="BuiltIn">
<msg time="2025-09-08T17:26:14.090945" level="INFO">${current_year} = ร</msg>
<var>${current_year}</var>
<arg>${parts[1]}</arg>
<doc>Returns the given values which can then be assigned to a variables.</doc>
<status status="PASS" start="2025-09-08T17:26:14.089345" elapsed="0.001600"/>
</kw>
<kw name="Run Keyword If" owner="BuiltIn">
<arg>'${current_month}'=='${month}' and '${current_year}'=='${year}'</arg>
<arg>Exit For Loop</arg>
<doc>Runs the given keyword with the given arguments, if ``condition`` is true.</doc>
<status status="PASS" start="2025-09-08T17:26:14.090945" elapsed="0.001045"/>
</kw>
<kw name="Click Element" owner="SeleniumLibrary">
<msg time="2025-09-08T17:26:14.091990" level="INFO">Clicking element 'css=.react-datepicker__navigation--next'.</msg>
<arg>css=.react-datepicker__navigation--next</arg>
<doc>Click the element identified by ``locator``.</doc>
<status status="PASS" start="2025-09-08T17:26:14.091990" elapsed="0.169555"/>
</kw>
<kw name="Sleep" owner="BuiltIn">
<msg time="2025-09-08T17:26:14.763074" level="INFO">Slept 500 milliseconds.</msg>
<arg>0.5s</arg>
<doc>Pauses the test executed for the given time.</doc>
<status status="PASS" start="2025-09-08T17:26:14.262547" elapsed="0.501087"/>
</kw>
<var name="${i}">10</var>
<status status="PASS" start="2025-09-08T17:26:14.057702" elapsed="0.705932"/>
</iter>
<iter>
<kw name="Get Text" owner="SeleniumLibrary">
<msg time="2025-09-08T17:26:14.790182" level="INFO">${current} = สิงหาคม 2026</msg>
<var>${current}</var>
<arg>css=.react-datepicker__current-month</arg>
<doc>Returns the text value of the element identified by ``locator``.</doc>
<status status="PASS" start="2025-09-08T17:26:14.764173" elapsed="0.026009"/>
</kw>
<kw name="Evaluate" owner="BuiltIn">
<msg time="2025-09-08T17:26:14.791701" level="INFO">${parts} = สิงหาคม 2026.split()</msg>
<var>${parts}</var>
<arg>'${current}.split()'</arg>
<doc>Evaluates the given expression in Python and returns the result.</doc>
<status status="PASS" start="2025-09-08T17:26:14.790182" elapsed="0.001519"/>
</kw>
<kw name="Set Variable" owner="BuiltIn">
<msg time="2025-09-08T17:26:14.792897" level="INFO">${current_month} = ส</msg>
<var>${current_month}</var>
<arg>${parts[0]}</arg>
<doc>Returns the given values which can then be assigned to a variables.</doc>
<status status="PASS" start="2025-09-08T17:26:14.791701" elapsed="0.002227"/>
</kw>
<kw name="Set Variable" owner="BuiltIn">
<msg time="2025-09-08T17:26:14.795045" level="INFO">${current_year} = ิ</msg>
<var>${current_year}</var>
<arg>${parts[1]}</arg>
<doc>Returns the given values which can then be assigned to a variables.</doc>
<status status="PASS" start="2025-09-08T17:26:14.793928" elapsed="0.001117"/>
</kw>
<kw name="Run Keyword If" owner="BuiltIn">
<arg>'${current_month}'=='${month}' and '${current_year}'=='${year}'</arg>
<arg>Exit For Loop</arg>
<doc>Runs the given keyword with the given arguments, if ``condition`` is true.</doc>
<status status="PASS" start="2025-09-08T17:26:14.795045" elapsed="0.001030"/>
</kw>
<kw name="Click Element" owner="SeleniumLibrary">
<msg time="2025-09-08T17:26:14.796075" level="INFO">Clicking element 'css=.react-datepicker__navigation--next'.</msg>
<arg>css=.react-datepicker__navigation--next</arg>
<doc>Click the element identified by ``locator``.</doc>
<status status="PASS" start="2025-09-08T17:26:14.796075" elapsed="0.143007"/>
</kw>
<kw name="Sleep" owner="BuiltIn">
<msg time="2025-09-08T17:26:15.440646" level="INFO">Slept 500 milliseconds.</msg>
<arg>0.5s</arg>
<doc>Pauses the test executed for the given time.</doc>
<status status="PASS" start="2025-09-08T17:26:14.939082" elapsed="0.501564"/>
</kw>
<var name="${i}">11</var>
<status status="PASS" start="2025-09-08T17:26:14.763634" elapsed="0.677012"/>
</iter>
<iter>
<kw name="Get Text" owner="SeleniumLibrary">
<msg time="2025-09-08T17:26:15.471976" level="INFO">${current} = กันยายน 2026</msg>
<var>${current}</var>
<arg>css=.react-datepicker__current-month</arg>
<doc>Returns the text value of the element identified by ``locator``.</doc>
<status status="PASS" start="2025-09-08T17:26:15.440646" elapsed="0.031330"/>
</kw>
<kw name="Evaluate" owner="BuiltIn">
<msg time="2025-09-08T17:26:15.473495" level="INFO">${parts} = กันยายน 2026.split()</msg>
<var>${parts}</var>
<arg>'${current}.split()'</arg>
<doc>Evaluates the given expression in Python and returns the result.</doc>
<status status="PASS" start="2025-09-08T17:26:15.473495" elapsed="0.000000"/>
</kw>
<kw name="Set Variable" owner="BuiltIn">
<msg time="2025-09-08T17:26:15.475850" level="INFO">${current_month} = ก</msg>
<var>${current_month}</var>
<arg>${parts[0]}</arg>
<doc>Returns the given values which can then be assigned to a variables.</doc>
<status status="PASS" start="2025-09-08T17:26:15.473495" elapsed="0.002355"/>
</kw>
<kw name="Set Variable" owner="BuiltIn">
<msg time="2025-09-08T17:26:15.477854" level="INFO">${current_year} = ั</msg>
<var>${current_year}</var>
<arg>${parts[1]}</arg>
<doc>Returns the given values which can then be assigned to a variables.</doc>
<status status="PASS" start="2025-09-08T17:26:15.475850" elapsed="0.002004"/>
</kw>
<kw name="Run Keyword If" owner="BuiltIn">
<arg>'${current_month}'=='${month}' and '${current_year}'=='${year}'</arg>
<arg>Exit For Loop</arg>
<doc>Runs the given keyword with the given arguments, if ``condition`` is true.</doc>
<status status="PASS" start="2025-09-08T17:26:15.478380" elapsed="0.000000"/>
</kw>
<kw name="Click Element" owner="SeleniumLibrary">
<msg time="2025-09-08T17:26:15.478380" level="INFO">Clicking element 'css=.react-datepicker__navigation--next'.</msg>
<arg>css=.react-datepicker__navigation--next</arg>
<doc>Click the element identified by ``locator``.</doc>
<status status="PASS" start="2025-09-08T17:26:15.478380" elapsed="0.150634"/>
</kw>
<kw name="Sleep" owner="BuiltIn">
<msg time="2025-09-08T17:26:16.129366" level="INFO">Slept 500 milliseconds.</msg>
<arg>0.5s</arg>
<doc>Pauses the test executed for the given time.</doc>
<status status="PASS" start="2025-09-08T17:26:15.629014" elapsed="0.500352"/>
</kw>
<var name="${i}">12</var>
<status status="PASS" start="2025-09-08T17:26:15.440646" elapsed="0.688720"/>
</iter>
<iter>
<kw name="Get Text" owner="SeleniumLibrary">
<msg time="2025-09-08T17:26:16.158994" level="INFO">${current} = ตุลาคม 2026</msg>
<var>${current}</var>
<arg>css=.react-datepicker__current-month</arg>
<doc>Returns the text value of the element identified by ``locator``.</doc>
<status status="PASS" start="2025-09-08T17:26:16.130399" elapsed="0.028595"/>
</kw>
<kw name="Evaluate" owner="BuiltIn">
<msg time="2025-09-08T17:26:16.159994" level="INFO">${parts} = ตุลาคม 2026.split()</msg>
<var>${parts}</var>
<arg>'${current}.split()'</arg>
<doc>Evaluates the given expression in Python and returns the result.</doc>
<status status="PASS" start="2025-09-08T17:26:16.158994" elapsed="0.001000"/>
</kw>
<kw name="Set Variable" owner="BuiltIn">
<msg time="2025-09-08T17:26:16.162021" level="INFO">${current_month} = ต</msg>
<var>${current_month}</var>
<arg>${parts[0]}</arg>
<doc>Returns the given values which can then be assigned to a variables.</doc>
<status status="PASS" start="2025-09-08T17:26:16.159994" elapsed="0.002027"/>
</kw>
<kw name="Set Variable" owner="BuiltIn">
<msg time="2025-09-08T17:26:16.164050" level="INFO">${current_year} = ุ</msg>
<var>${current_year}</var>
<arg>${parts[1]}</arg>
<doc>Returns the given values which can then be assigned to a variables.</doc>
<status status="PASS" start="2025-09-08T17:26:16.162021" elapsed="0.002029"/>
</kw>
<kw name="Run Keyword If" owner="BuiltIn">
<arg>'${current_month}'=='${month}' and '${current_year}'=='${year}'</arg>
<arg>Exit For Loop</arg>
<doc>Runs the given keyword with the given arguments, if ``condition`` is true.</doc>
<status status="PASS" start="2025-09-08T17:26:16.164050" elapsed="0.000000"/>
</kw>
<kw name="Click Element" owner="SeleniumLibrary">
<msg time="2025-09-08T17:26:16.165054" level="INFO">Clicking element 'css=.react-datepicker__navigation--next'.</msg>
<arg>css=.react-datepicker__navigation--next</arg>
<doc>Click the element identified by ``locator``.</doc>
<status status="PASS" start="2025-09-08T17:26:16.164050" elapsed="0.148208"/>
</kw>
<kw name="Sleep" owner="BuiltIn">
<msg time="2025-09-08T17:26:16.812573" level="INFO">Slept 500 milliseconds.</msg>
<arg>0.5s</arg>
<doc>Pauses the test executed for the given time.</doc>
<status status="PASS" start="2025-09-08T17:26:16.312258" elapsed="0.500315"/>
</kw>
<var name="${i}">13</var>
<status status="PASS" start="2025-09-08T17:26:16.130399" elapsed="0.682174"/>
</iter>
<iter>
<kw name="Get Text" owner="SeleniumLibrary">
<msg time="2025-09-08T17:26:16.841327" level="INFO">${current} = พฤศจิกายน 2026</msg>
<var>${current}</var>
<arg>css=.react-datepicker__current-month</arg>
<doc>Returns the text value of the element identified by ``locator``.</doc>
<status status="PASS" start="2025-09-08T17:26:16.813613" elapsed="0.027714"/>
</kw>
<kw name="Evaluate" owner="BuiltIn">
<msg time="2025-09-08T17:26:16.841840" level="INFO">${parts} = พฤศจิกายน 2026.split()</msg>
<var>${parts}</var>
<arg>'${current}.split()'</arg>
<doc>Evaluates the given expression in Python and returns the result.</doc>
<status status="PASS" start="2025-09-08T17:26:16.841840" elapsed="0.000000"/>
</kw>
<kw name="Set Variable" owner="BuiltIn">
<msg time="2025-09-08T17:26:16.844183" level="INFO">${current_month} = พ</msg>
<var>${current_month}</var>
<arg>${parts[0]}</arg>
<doc>Returns the given values which can then be assigned to a variables.</doc>
<status status="PASS" start="2025-09-08T17:26:16.841840" elapsed="0.002343"/>
</kw>
<kw name="Set Variable" owner="BuiltIn">
<msg time="2025-09-08T17:26:16.845233" level="INFO">${current_year} = ฤ</msg>
<var>${current_year}</var>
<arg>${parts[1]}</arg>
<doc>Returns the given values which can then be assigned to a variables.</doc>
<status status="PASS" start="2025-09-08T17:26:16.844183" elapsed="0.001050"/>
</kw>
<kw name="Run Keyword If" owner="BuiltIn">
<arg>'${current_month}'=='${month}' and '${current_year}'=='${year}'</arg>
<arg>Exit For Loop</arg>
<doc>Runs the given keyword with the given arguments, if ``condition`` is true.</doc>
<status status="PASS" start="2025-09-08T17:26:16.846237" elapsed="0.000000"/>
</kw>
<kw name="Click Element" owner="SeleniumLibrary">
<msg time="2025-09-08T17:26:16.846237" level="INFO">Clicking element 'css=.react-datepicker__navigation--next'.</msg>
<arg>css=.react-datepicker__navigation--next</arg>
<doc>Click the element identified by ``locator``.</doc>
<status status="PASS" start="2025-09-08T17:26:16.846237" elapsed="0.140111"/>
</kw>
<kw name="Sleep" owner="BuiltIn">
<msg time="2025-09-08T17:26:17.488604" level="INFO">Slept 500 milliseconds.</msg>
<arg>0.5s</arg>
<doc>Pauses the test executed for the given time.</doc>
<status status="PASS" start="2025-09-08T17:26:16.988071" elapsed="0.501046"/>
</kw>
<var name="${i}">14</var>
<status status="PASS" start="2025-09-08T17:26:16.812573" elapsed="0.676544"/>
</iter>
<iter>
<kw name="Get Text" owner="SeleniumLibrary">
<msg time="2025-09-08T17:26:17.518037" level="INFO">${current} = ธันวาคม 2026</msg>
<var>${current}</var>
<arg>css=.react-datepicker__current-month</arg>
<doc>Returns the text value of the element identified by ``locator``.</doc>
<status status="PASS" start="2025-09-08T17:26:17.489117" elapsed="0.028920"/>
</kw>
<kw name="Evaluate" owner="BuiltIn">
<msg time="2025-09-08T17:26:17.520052" level="INFO">${parts} = ธันวาคม 2026.split()</msg>
<var>${parts}</var>
<arg>'${current}.split()'</arg>
<doc>Evaluates the given expression in Python and returns the result.</doc>
<status status="PASS" start="2025-09-08T17:26:17.519056" elapsed="0.000996"/>
</kw>
<kw name="Set Variable" owner="BuiltIn">
<msg time="2025-09-08T17:26:17.521459" level="INFO">${current_month} = ธ</msg>
<var>${current_month}</var>
<arg>${parts[0]}</arg>
<doc>Returns the given values which can then be assigned to a variables.</doc>
<status status="PASS" start="2025-09-08T17:26:17.520052" elapsed="0.001407"/>
</kw>
<kw name="Set Variable" owner="BuiltIn">
<msg time="2025-09-08T17:26:17.523886" level="INFO">${current_year} = ั</msg>
<var>${current_year}</var>
<arg>${parts[1]}</arg>
<doc>Returns the given values which can then be assigned to a variables.</doc>
<status status="PASS" start="2025-09-08T17:26:17.521459" elapsed="0.002427"/>
</kw>
<kw name="Run Keyword If" owner="BuiltIn">
<arg>'${current_month}'=='${month}' and '${current_year}'=='${year}'</arg>
<arg>Exit For Loop</arg>
<doc>Runs the given keyword with the given arguments, if ``condition`` is true.</doc>
<status status="PASS" start="2025-09-08T17:26:17.523886" elapsed="0.000000"/>
</kw>
<kw name="Click Element" owner="SeleniumLibrary">
<msg time="2025-09-08T17:26:17.524915" level="INFO">Clicking element 'css=.react-datepicker__navigation--next'.</msg>
<arg>css=.react-datepicker__navigation--next</arg>
<doc>Click the element identified by ``locator``.</doc>
<status status="PASS" start="2025-09-08T17:26:17.523886" elapsed="0.171098"/>
</kw>
<kw name="Sleep" owner="BuiltIn">
<msg time="2025-09-08T17:26:18.195308" level="INFO">Slept 500 milliseconds.</msg>
<arg>0.5s</arg>
<doc>Pauses the test executed for the given time.</doc>
<status status="PASS" start="2025-09-08T17:26:17.694984" elapsed="0.500324"/>
</kw>
<var name="${i}">15</var>
<status status="PASS" start="2025-09-08T17:26:17.489117" elapsed="0.706191"/>
</iter>
<iter>
<kw name="Get Text" owner="SeleniumLibrary">
<msg time="2025-09-08T17:26:18.225112" level="INFO">${current} = มกราคม 2027</msg>
<var>${current}</var>
<arg>css=.react-datepicker__current-month</arg>
<doc>Returns the text value of the element identified by ``locator``.</doc>
<status status="PASS" start="2025-09-08T17:26:18.196350" elapsed="0.028762"/>
</kw>
<kw name="Evaluate" owner="BuiltIn">
<msg time="2025-09-08T17:26:18.225112" level="INFO">${parts} = มกราคม 2027.split()</msg>
<var>${parts}</var>
<arg>'${current}.split()'</arg>
<doc>Evaluates the given expression in Python and returns the result.</doc>
<status status="PASS" start="2025-09-08T17:26:18.225112" elapsed="0.001001"/>
</kw>
<kw name="Set Variable" owner="BuiltIn">
<msg time="2025-09-08T17:26:18.228112" level="INFO">${current_month} = ม</msg>
<var>${current_month}</var>
<arg>${parts[0]}</arg>
<doc>Returns the given values which can then be assigned to a variables.</doc>
<status status="PASS" start="2025-09-08T17:26:18.226113" elapsed="0.001999"/>
</kw>
<kw name="Set Variable" owner="BuiltIn">
<msg time="2025-09-08T17:26:18.229112" level="INFO">${current_year} = ก</msg>
<var>${current_year}</var>
<arg>${parts[1]}</arg>
<doc>Returns the given values which can then be assigned to a variables.</doc>
<status status="PASS" start="2025-09-08T17:26:18.228112" elapsed="0.001000"/>
</kw>
<kw name="Run Keyword If" owner="BuiltIn">
<arg>'${current_month}'=='${month}' and '${current_year}'=='${year}'</arg>
<arg>Exit For Loop</arg>
<doc>Runs the given keyword with the given arguments, if ``condition`` is true.</doc>
<status status="PASS" start="2025-09-08T17:26:18.229112" elapsed="0.001000"/>
</kw>
<kw name="Click Element" owner="SeleniumLibrary">
<msg time="2025-09-08T17:26:18.231112" level="INFO">Clicking element 'css=.react-datepicker__navigation--next'.</msg>
<arg>css=.react-datepicker__navigation--next</arg>
<doc>Click the element identified by ``locator``.</doc>
<status status="PASS" start="2025-09-08T17:26:18.231112" elapsed="0.144775"/>
</kw>
<kw name="Sleep" owner="BuiltIn">
<msg time="2025-09-08T17:26:18.877043" level="INFO">Slept 500 milliseconds.</msg>
<arg>0.5s</arg>
<doc>Pauses the test executed for the given time.</doc>
<status status="PASS" start="2025-09-08T17:26:18.376887" elapsed="0.500156"/>
</kw>
<var name="${i}">16</var>
<status status="PASS" start="2025-09-08T17:26:18.196350" elapsed="0.681209"/>
</iter>
<iter>
<kw name="Get Text" owner="SeleniumLibrary">
<msg time="2025-09-08T17:26:18.907969" level="INFO">${current} = กุมภาพันธ์ 2027</msg>
<var>${current}</var>
<arg>css=.react-datepicker__current-month</arg>
<doc>Returns the text value of the element identified by ``locator``.</doc>
<status status="PASS" start="2025-09-08T17:26:18.877559" elapsed="0.030410"/>
</kw>
<kw name="Evaluate" owner="BuiltIn">
<msg time="2025-09-08T17:26:18.908982" level="INFO">${parts} = กุมภาพันธ์ 2027.split()</msg>
<var>${parts}</var>
<arg>'${current}.split()'</arg>
<doc>Evaluates the given expression in Python and returns the result.</doc>
<status status="PASS" start="2025-09-08T17:26:18.907969" elapsed="0.001013"/>
</kw>
<kw name="Set Variable" owner="BuiltIn">
<msg time="2025-09-08T17:26:18.910982" level="INFO">${current_month} = ก</msg>
<var>${current_month}</var>
<arg>${parts[0]}</arg>
<doc>Returns the given values which can then be assigned to a variables.</doc>
<status status="PASS" start="2025-09-08T17:26:18.908982" elapsed="0.002000"/>
</kw>
<kw name="Set Variable" owner="BuiltIn">
<msg time="2025-09-08T17:26:18.911983" level="INFO">${current_year} = ุ</msg>
<var>${current_year}</var>
<arg>${parts[1]}</arg>
<doc>Returns the given values which can then be assigned to a variables.</doc>
<status status="PASS" start="2025-09-08T17:26:18.910982" elapsed="0.001001"/>
</kw>
<kw name="Run Keyword If" owner="BuiltIn">
<arg>'${current_month}'=='${month}' and '${current_year}'=='${year}'</arg>
<arg>Exit For Loop</arg>
<doc>Runs the given keyword with the given arguments, if ``condition`` is true.</doc>
<status status="PASS" start="2025-09-08T17:26:18.912983" elapsed="0.001021"/>
</kw>
<kw name="Click Element" owner="SeleniumLibrary">
<msg time="2025-09-08T17:26:18.914004" level="INFO">Clicking element 'css=.react-datepicker__navigation--next'.</msg>
<arg>css=.react-datepicker__navigation--next</arg>
<doc>Click the element identified by ``locator``.</doc>
<status status="PASS" start="2025-09-08T17:26:18.914004" elapsed="0.144862"/>
</kw>
<kw name="Sleep" owner="BuiltIn">
<msg time="2025-09-08T17:26:19.560256" level="INFO">Slept 500 milliseconds.</msg>
<arg>0.5s</arg>
<doc>Pauses the test executed for the given time.</doc>
<status status="PASS" start="2025-09-08T17:26:19.059890" elapsed="0.500366"/>
</kw>
<var name="${i}">17</var>
<status status="PASS" start="2025-09-08T17:26:18.877559" elapsed="0.683203"/>
</iter>
<iter>
<kw name="Get Text" owner="SeleniumLibrary">
<msg time="2025-09-08T17:26:19.601940" level="INFO">${current} = มีนาคม 2027</msg>
<var>${current}</var>
<arg>css=.react-datepicker__current-month</arg>
<doc>Returns the text value of the element identified by ``locator``.</doc>
<status status="PASS" start="2025-09-08T17:26:19.560762" elapsed="0.041178"/>
</kw>
<kw name="Evaluate" owner="BuiltIn">
<msg time="2025-09-08T17:26:19.602455" level="INFO">${parts} = มีนาคม 2027.split()</msg>
<var>${parts}</var>
<arg>'${current}.split()'</arg>
<doc>Evaluates the given expression in Python and returns the result.</doc>
<status status="PASS" start="2025-09-08T17:26:19.602455" elapsed="0.000000"/>
</kw>
<kw name="Set Variable" owner="BuiltIn">
<msg time="2025-09-08T17:26:19.604940" level="INFO">${current_month} = ม</msg>
<var>${current_month}</var>
<arg>${parts[0]}</arg>
<doc>Returns the given values which can then be assigned to a variables.</doc>
<status status="PASS" start="2025-09-08T17:26:19.603889" elapsed="0.001051"/>
</kw>
<kw name="Set Variable" owner="BuiltIn">
<msg time="2025-09-08T17:26:19.606940" level="INFO">${current_year} = ี</msg>
<var>${current_year}</var>
<arg>${parts[1]}</arg>
<doc>Returns the given values which can then be assigned to a variables.</doc>
<status status="PASS" start="2025-09-08T17:26:19.604940" elapsed="0.002000"/>
</kw>
<kw name="Run Keyword If" owner="BuiltIn">
<arg>'${current_month}'=='${month}' and '${current_year}'=='${year}'</arg>
<arg>Exit For Loop</arg>
<doc>Runs the given keyword with the given arguments, if ``condition`` is true.</doc>
<status status="PASS" start="2025-09-08T17:26:19.606940" elapsed="0.001000"/>
</kw>
<kw name="Click Element" owner="SeleniumLibrary">
<msg time="2025-09-08T17:26:19.607940" level="INFO">Clicking element 'css=.react-datepicker__navigation--next'.</msg>
<arg>css=.react-datepicker__navigation--next</arg>
<doc>Click the element identified by ``locator``.</doc>
<status status="PASS" start="2025-09-08T17:26:19.607940" elapsed="0.161197"/>
</kw>
<kw name="Sleep" owner="BuiltIn">
<msg time="2025-09-08T17:26:20.270517" level="INFO">Slept 500 milliseconds.</msg>
<arg>0.5s</arg>
<doc>Pauses the test executed for the given time.</doc>
<status status="PASS" start="2025-09-08T17:26:19.770330" elapsed="0.500187"/>
</kw>
<var name="${i}">18</var>
<status status="PASS" start="2025-09-08T17:26:19.560762" elapsed="0.709755"/>
</iter>
<iter>
<kw name="Get Text" owner="SeleniumLibrary">
<msg time="2025-09-08T17:26:20.296637" level="INFO">${current} = เมษายน 2027</msg>
<var>${current}</var>
<arg>css=.react-datepicker__current-month</arg>
<doc>Returns the text value of the element identified by ``locator``.</doc>
<status status="PASS" start="2025-09-08T17:26:20.271838" elapsed="0.024799"/>
</kw>
<kw name="Evaluate" owner="BuiltIn">
<msg time="2025-09-08T17:26:20.297822" level="INFO">${parts} = เมษายน 2027.split()</msg>
<var>${parts}</var>
<arg>'${current}.split()'</arg>
<doc>Evaluates the given expression in Python and returns the result.</doc>
<status status="PASS" start="2025-09-08T17:26:20.297822" elapsed="0.000000"/>
</kw>
<kw name="Set Variable" owner="BuiltIn">
<msg time="2025-09-08T17:26:20.300439" level="INFO">${current_month} = เ</msg>
<var>${current_month}</var>
<arg>${parts[0]}</arg>
<doc>Returns the given values which can then be assigned to a variables.</doc>
<status status="PASS" start="2025-09-08T17:26:20.297822" elapsed="0.002617"/>
</kw>
<kw name="Set Variable" owner="BuiltIn">
<msg time="2025-09-08T17:26:20.302605" level="INFO">${current_year} = ม</msg>
<var>${current_year}</var>
<arg>${parts[1]}</arg>
<doc>Returns the given values which can then be assigned to a variables.</doc>
<status status="PASS" start="2025-09-08T17:26:20.300439" elapsed="0.002166"/>
</kw>
<kw name="Run Keyword If" owner="BuiltIn">
<arg>'${current_month}'=='${month}' and '${current_year}'=='${year}'</arg>
<arg>Exit For Loop</arg>
<doc>Runs the given keyword with the given arguments, if ``condition`` is true.</doc>
<status status="PASS" start="2025-09-08T17:26:20.303623" elapsed="0.000000"/>
</kw>
<kw name="Click Element" owner="SeleniumLibrary">
<msg time="2025-09-08T17:26:20.303623" level="INFO">Clicking element 'css=.react-datepicker__navigation--next'.</msg>
<arg>css=.react-datepicker__navigation--next</arg>
<doc>Click the element identified by ``locator``.</doc>
<status status="PASS" start="2025-09-08T17:26:20.303623" elapsed="0.174776"/>
</kw>
<kw name="Sleep" owner="BuiltIn">
<msg time="2025-09-08T17:26:20.979594" level="INFO">Slept 500 milliseconds.</msg>
<arg>0.5s</arg>
<doc>Pauses the test executed for the given time.</doc>
<status status="PASS" start="2025-09-08T17:26:20.479470" elapsed="0.500642"/>
</kw>
<var name="${i}">19</var>
<status status="PASS" start="2025-09-08T17:26:20.270517" elapsed="0.709595"/>
</iter>
<iter>
<kw name="Get Text" owner="SeleniumLibrary">
<msg time="2025-09-08T17:26:21.009077" level="INFO">${current} = พฤษภาคม 2027</msg>
<var>${current}</var>
<arg>css=.react-datepicker__current-month</arg>
<doc>Returns the text value of the element identified by ``locator``.</doc>
<status status="PASS" start="2025-09-08T17:26:20.981145" elapsed="0.028928"/>
</kw>
<kw name="Evaluate" owner="BuiltIn">
<msg time="2025-09-08T17:26:21.010073" level="INFO">${parts} = พฤษภาคม 2027.split()</msg>
<var>${parts}</var>
<arg>'${current}.split()'</arg>
<doc>Evaluates the given expression in Python and returns the result.</doc>
<status status="PASS" start="2025-09-08T17:26:21.010073" elapsed="0.000000"/>
</kw>
<kw name="Set Variable" owner="BuiltIn">
<msg time="2025-09-08T17:26:21.012072" level="INFO">${current_month} = พ</msg>
<var>${current_month}</var>
<arg>${parts[0]}</arg>
<doc>Returns the given values which can then be assigned to a variables.</doc>
<status status="PASS" start="2025-09-08T17:26:21.011072" elapsed="0.001000"/>
</kw>
<kw name="Set Variable" owner="BuiltIn">
<msg time="2025-09-08T17:26:21.015075" level="INFO">${current_year} = ฤ</msg>
<var>${current_year}</var>
<arg>${parts[1]}</arg>
<doc>Returns the given values which can then be assigned to a variables.</doc>
<status status="PASS" start="2025-09-08T17:26:21.012072" elapsed="0.003003"/>
</kw>
<kw name="Run Keyword If" owner="BuiltIn">
<arg>'${current_month}'=='${month}' and '${current_year}'=='${year}'</arg>
<arg>Exit For Loop</arg>
<doc>Runs the given keyword with the given arguments, if ``condition`` is true.</doc>
<status status="PASS" start="2025-09-08T17:26:21.015075" elapsed="0.000000"/>
</kw>
<kw name="Click Element" owner="SeleniumLibrary">
<msg time="2025-09-08T17:26:21.016595" level="INFO">Clicking element 'css=.react-datepicker__navigation--next'.</msg>
<arg>css=.react-datepicker__navigation--next</arg>
<doc>Click the element identified by ``locator``.</doc>
<status status="PASS" start="2025-09-08T17:26:21.015075" elapsed="0.182612"/>
</kw>
<kw name="Sleep" owner="BuiltIn">
<msg time="2025-09-08T17:26:21.699033" level="INFO">Slept 500 milliseconds.</msg>
<arg>0.5s</arg>
<doc>Pauses the test executed for the given time.</doc>
<status status="PASS" start="2025-09-08T17:26:21.198706" elapsed="0.500327"/>
</kw>
<var name="${i}">20</var>
<status status="PASS" start="2025-09-08T17:26:20.980112" elapsed="0.718921"/>
</iter>
<iter>
<kw name="Get Text" owner="SeleniumLibrary">
<msg time="2025-09-08T17:26:21.726227" level="INFO">${current} = มิถุนายน 2027</msg>
<var>${current}</var>
<arg>css=.react-datepicker__current-month</arg>
<doc>Returns the text value of the element identified by ``locator``.</doc>
<status status="PASS" start="2025-09-08T17:26:21.700073" elapsed="0.026154"/>
</kw>
<kw name="Evaluate" owner="BuiltIn">
<msg time="2025-09-08T17:26:21.727281" level="INFO">${parts} = มิถุนายน 2027.split()</msg>
<var>${parts}</var>
<arg>'${current}.split()'</arg>
<doc>Evaluates the given expression in Python and returns the result.</doc>
<status status="PASS" start="2025-09-08T17:26:21.726227" elapsed="0.001054"/>
</kw>
<kw name="Set Variable" owner="BuiltIn">
<msg time="2025-09-08T17:26:21.730827" level="INFO">${current_month} = ม</msg>
<var>${current_month}</var>
<arg>${parts[0]}</arg>
<doc>Returns the given values which can then be assigned to a variables.</doc>
<status status="PASS" start="2025-09-08T17:26:21.727281" elapsed="0.003546"/>
</kw>
<kw name="Set Variable" owner="BuiltIn">
<msg time="2025-09-08T17:26:21.732801" level="INFO">${current_year} = ิ</msg>
<var>${current_year}</var>
<arg>${parts[1]}</arg>
<doc>Returns the given values which can then be assigned to a variables.</doc>
<status status="PASS" start="2025-09-08T17:26:21.730827" elapsed="0.001974"/>
</kw>
<kw name="Run Keyword If" owner="BuiltIn">
<arg>'${current_month}'=='${month}' and '${current_year}'=='${year}'</arg>
<arg>Exit For Loop</arg>
<doc>Runs the given keyword with the given arguments, if ``condition`` is true.</doc>
<status status="PASS" start="2025-09-08T17:26:21.732801" elapsed="0.000000"/>
</kw>
<kw name="Click Element" owner="SeleniumLibrary">
<msg time="2025-09-08T17:26:21.733822" level="INFO">Clicking element 'css=.react-datepicker__navigation--next'.</msg>
<arg>css=.react-datepicker__navigation--next</arg>
<doc>Click the element identified by ``locator``.</doc>
<status status="PASS" start="2025-09-08T17:26:21.733822" elapsed="0.129687"/>
</kw>
<kw name="Sleep" owner="BuiltIn">
<msg time="2025-09-08T17:26:22.365644" level="INFO">Slept 500 milliseconds.</msg>
<arg>0.5s</arg>
<doc>Pauses the test executed for the given time.</doc>
<status status="PASS" start="2025-09-08T17:26:21.863509" elapsed="0.502135"/>
</kw>
<var name="${i}">21</var>
<status status="PASS" start="2025-09-08T17:26:21.699033" elapsed="0.667124"/>
</iter>
<iter>
<kw name="Get Text" owner="SeleniumLibrary">
<msg time="2025-09-08T17:26:22.391405" level="INFO">${current} = กรกฎาคม 2027</msg>
<var>${current}</var>
<arg>css=.react-datepicker__current-month</arg>
<doc>Returns the text value of the element identified by ``locator``.</doc>
<status status="PASS" start="2025-09-08T17:26:22.366157" elapsed="0.025248"/>
</kw>
<kw name="Evaluate" owner="BuiltIn">
<msg time="2025-09-08T17:26:22.392450" level="INFO">${parts} = กรกฎาคม 2027.split()</msg>
<var>${parts}</var>
<arg>'${current}.split()'</arg>
<doc>Evaluates the given expression in Python and returns the result.</doc>
<status status="PASS" start="2025-09-08T17:26:22.391405" elapsed="0.001045"/>
</kw>
<kw name="Set Variable" owner="BuiltIn">
<msg time="2025-09-08T17:26:22.393984" level="INFO">${current_month} = ก</msg>
<var>${current_month}</var>
<arg>${parts[0]}</arg>
<doc>Returns the given values which can then be assigned to a variables.</doc>
<status status="PASS" start="2025-09-08T17:26:22.392450" elapsed="0.001534"/>
</kw>
<kw name="Set Variable" owner="BuiltIn">
<msg time="2025-09-08T17:26:22.395022" level="INFO">${current_year} = ร</msg>
<var>${current_year}</var>
<arg>${parts[1]}</arg>
<doc>Returns the given values which can then be assigned to a variables.</doc>
<status status="PASS" start="2025-09-08T17:26:22.393984" elapsed="0.001038"/>
</kw>
<kw name="Run Keyword If" owner="BuiltIn">
<arg>'${current_month}'=='${month}' and '${current_year}'=='${year}'</arg>
<arg>Exit For Loop</arg>
<doc>Runs the given keyword with the given arguments, if ``condition`` is true.</doc>
<status status="PASS" start="2025-09-08T17:26:22.396023" elapsed="0.000000"/>
</kw>
<kw name="Click Element" owner="SeleniumLibrary">
<msg time="2025-09-08T17:26:22.396023" level="INFO">Clicking element 'css=.react-datepicker__navigation--next'.</msg>
<arg>css=.react-datepicker__navigation--next</arg>
<doc>Click the element identified by ``locator``.</doc>
<status status="PASS" start="2025-09-08T17:26:22.396023" elapsed="0.135279"/>
</kw>
<kw name="Sleep" owner="BuiltIn">
<msg time="2025-09-08T17:26:23.032668" level="INFO">Slept 500 milliseconds.</msg>
<arg>0.5s</arg>
<doc>Pauses the test executed for the given time.</doc>
<status status="PASS" start="2025-09-08T17:26:22.532311" elapsed="0.500357"/>
</kw>
<var name="${i}">22</var>
<status status="PASS" start="2025-09-08T17:26:22.366157" elapsed="0.666511"/>
</iter>
<iter>
<kw name="Get Text" owner="SeleniumLibrary">
<msg time="2025-09-08T17:26:23.059302" level="INFO">${current} = สิงหาคม 2027</msg>
<var>${current}</var>
<arg>css=.react-datepicker__current-month</arg>
<doc>Returns the text value of the element identified by ``locator``.</doc>
<status status="PASS" start="2025-09-08T17:26:23.033694" elapsed="0.026588"/>
</kw>
<kw name="Evaluate" owner="BuiltIn">
<msg time="2025-09-08T17:26:23.060282" level="INFO">${parts} = สิงหาคม 2027.split()</msg>
<var>${parts}</var>
<arg>'${current}.split()'</arg>
<doc>Evaluates the given expression in Python and returns the result.</doc>
<status status="PASS" start="2025-09-08T17:26:23.060282" elapsed="0.000000"/>
</kw>
<kw name="Set Variable" owner="BuiltIn">
<msg time="2025-09-08T17:26:23.062282" level="INFO">${current_month} = ส</msg>
<var>${current_month}</var>
<arg>${parts[0]}</arg>
<doc>Returns the given values which can then be assigned to a variables.</doc>
<status status="PASS" start="2025-09-08T17:26:23.061283" elapsed="0.000999"/>
</kw>
<kw name="Set Variable" owner="BuiltIn">
<msg time="2025-09-08T17:26:23.064280" level="INFO">${current_year} = ิ</msg>
<var>${current_year}</var>
<arg>${parts[1]}</arg>
<doc>Returns the given values which can then be assigned to a variables.</doc>
<status status="PASS" start="2025-09-08T17:26:23.062282" elapsed="0.001998"/>
</kw>
<kw name="Run Keyword If" owner="BuiltIn">
<arg>'${current_month}'=='${month}' and '${current_year}'=='${year}'</arg>
<arg>Exit For Loop</arg>
<doc>Runs the given keyword with the given arguments, if ``condition`` is true.</doc>
<status status="PASS" start="2025-09-08T17:26:23.064280" elapsed="0.000000"/>
</kw>
<kw name="Click Element" owner="SeleniumLibrary">
<msg time="2025-09-08T17:26:23.065283" level="INFO">Clicking element 'css=.react-datepicker__navigation--next'.</msg>
<arg>css=.react-datepicker__navigation--next</arg>
<doc>Click the element identified by ``locator``.</doc>
<status status="PASS" start="2025-09-08T17:26:23.065283" elapsed="0.140057"/>
</kw>
<kw name="Sleep" owner="BuiltIn">
<msg time="2025-09-08T17:26:23.705871" level="INFO">Slept 500 milliseconds.</msg>
<arg>0.5s</arg>
<doc>Pauses the test executed for the given time.</doc>
<status status="PASS" start="2025-09-08T17:26:23.205340" elapsed="0.500531"/>
</kw>
<var name="${i}">23</var>
<status status="PASS" start="2025-09-08T17:26:23.032668" elapsed="0.673203"/>
</iter>
<var>${i}</var>
<value>24</value>
<status status="PASS" start="2025-09-08T17:26:06.924321" elapsed="16.781550"/>
</for>
<kw name="Set Variable" owner="BuiltIn">
<msg time="2025-09-08T17:26:23.706906" level="INFO">${day_locator} = xpath=//div[contains(@class,"react-datepicker__day") and not(contains(@class,"outside-month")) and normalize-space(text())="10"]</msg>
<var>${day_locator}</var>
<arg>xpath=//div[contains(@class,"react-datepicker__day") and not(contains(@class,"outside-month")) and normalize-space(text())="${day}"]</arg>
<doc>Returns the given values which can then be assigned to a variables.</doc>
<status status="PASS" start="2025-09-08T17:26:23.705871" elapsed="0.001035"/>
</kw>
<kw name="Click Element" owner="SeleniumLibrary">
<msg time="2025-09-08T17:26:23.706906" level="INFO">Clicking element 'xpath=//div[contains(@class,"react-datepicker__day") and not(contains(@class,"outside-month")) and normalize-space(text())="10"]'.</msg>
<arg>${day_locator}</arg>
<doc>Click the element identified by ``locator``.</doc>
<status status="PASS" start="2025-09-08T17:26:23.706906" elapsed="0.151859"/>
</kw>
<kw name="Sleep" owner="BuiltIn">
<msg time="2025-09-08T17:26:24.360016" level="INFO">Slept 500 milliseconds.</msg>
<arg>0.5s</arg>
<doc>Pauses the test executed for the given time.</doc>
<status status="PASS" start="2025-09-08T17:26:23.859765" elapsed="0.500251"/>
</kw>
<arg>start</arg>
<arg>${PROMOTION_START_DAY}</arg>
<arg>${PROMOTION_START_MONTH}</arg>
<arg>${PROMOTION_START_YEAR}</arg>
<status status="PASS" start="2025-09-08T17:26:06.662531" elapsed="17.697485"/>
</kw>
<kw name="Select Promotion Date" owner="promotion_keywords">
<kw name="Run Keyword If" owner="BuiltIn">
<kw name="Click Element" owner="SeleniumLibrary">
<msg time="2025-09-08T17:26:24.364009" level="INFO">Clicking element 'id=create-promotion-end-date'.</msg>
<arg>id=create-promotion-end-date</arg>
<doc>Click the element identified by ``locator``.</doc>
<status status="PASS" start="2025-09-08T17:26:24.363005" elapsed="0.192903"/>
</kw>
<arg>'${date_type}'=='start'</arg>
<arg>Click Element</arg>
<arg>id=create-promotion-start-date</arg>
<arg>ELSE</arg>
<arg>Click Element</arg>
<arg>id=create-promotion-end-date</arg>
<doc>Runs the given keyword with the given arguments, if ``condition`` is true.</doc>
<status status="PASS" start="2025-09-08T17:26:24.363005" elapsed="0.194015"/>
</kw>
<kw name="Wait Until Element Is Visible" owner="SeleniumLibrary">
<arg>css=.react-datepicker</arg>
<arg>${TIMEOUT}</arg>
<doc>Waits until the element ``locator`` is visible.</doc>
<status status="PASS" start="2025-09-08T17:26:24.557020" elapsed="0.022263"/>
</kw>
<for flavor="IN RANGE">
<iter>
<kw name="Get Text" owner="SeleniumLibrary">
<msg time="2025-09-08T17:26:24.605005" level="INFO">${current} = กันยายน 2027</msg>
<var>${current}</var>
<arg>css=.react-datepicker__current-month</arg>
<doc>Returns the text value of the element identified by ``locator``.</doc>
<status status="PASS" start="2025-09-08T17:26:24.581438" elapsed="0.023567"/>
</kw>
<kw name="Evaluate" owner="BuiltIn">
<msg time="2025-09-08T17:26:24.606025" level="INFO">${parts} = กันยายน 2027.split()</msg>
<var>${parts}</var>
<arg>'${current}.split()'</arg>
<doc>Evaluates the given expression in Python and returns the result.</doc>
<status status="PASS" start="2025-09-08T17:26:24.605005" elapsed="0.001020"/>
</kw>
<kw name="Set Variable" owner="BuiltIn">
<msg time="2025-09-08T17:26:24.608024" level="INFO">${current_month} = ก</msg>
<var>${current_month}</var>
<arg>${parts[0]}</arg>
<doc>Returns the given values which can then be assigned to a variables.</doc>
<status status="PASS" start="2025-09-08T17:26:24.606025" elapsed="0.001999"/>
</kw>
<kw name="Set Variable" owner="BuiltIn">
<msg time="2025-09-08T17:26:24.609532" level="INFO">${current_year} = ั</msg>
<var>${current_year}</var>
<arg>${parts[1]}</arg>
<doc>Returns the given values which can then be assigned to a variables.</doc>
<status status="PASS" start="2025-09-08T17:26:24.608024" elapsed="0.001508"/>
</kw>
<kw name="Run Keyword If" owner="BuiltIn">
<arg>'${current_month}'=='${month}' and '${current_year}'=='${year}'</arg>
<arg>Exit For Loop</arg>
<doc>Runs the given keyword with the given arguments, if ``condition`` is true.</doc>
<status status="PASS" start="2025-09-08T17:26:24.609532" elapsed="0.000000"/>
</kw>
<kw name="Click Element" owner="SeleniumLibrary">
<msg time="2025-09-08T17:26:24.611737" level="INFO">Clicking element 'css=.react-datepicker__navigation--next'.</msg>
<arg>css=.react-datepicker__navigation--next</arg>
<doc>Click the element identified by ``locator``.</doc>
<status status="PASS" start="2025-09-08T17:26:24.609532" elapsed="0.210314"/>
</kw>
<kw name="Sleep" owner="BuiltIn">
<msg time="2025-09-08T17:26:25.320976" level="INFO">Slept 500 milliseconds.</msg>
<arg>0.5s</arg>
<doc>Pauses the test executed for the given time.</doc>
<status status="PASS" start="2025-09-08T17:26:24.820846" elapsed="0.500130"/>
</kw>
<var name="${i}">0</var>
<status status="PASS" start="2025-09-08T17:26:24.580921" elapsed="0.740055"/>
</iter>
<iter>
<kw name="Get Text" owner="SeleniumLibrary">
<msg time="2025-09-08T17:26:25.372345" level="INFO">${current} = ตุลาคม 2027</msg>
<var>${current}</var>
<arg>css=.react-datepicker__current-month</arg>
<doc>Returns the text value of the element identified by ``locator``.</doc>
<status status="PASS" start="2025-09-08T17:26:25.321514" elapsed="0.051831"/>
</kw>
<kw name="Evaluate" owner="BuiltIn">
<msg time="2025-09-08T17:26:25.373345" level="INFO">${parts} = ตุลาคม 2027.split()</msg>
<var>${parts}</var>
<arg>'${current}.split()'</arg>
<doc>Evaluates the given expression in Python and returns the result.</doc>
<status status="PASS" start="2025-09-08T17:26:25.373345" elapsed="0.000000"/>
</kw>
<kw name="Set Variable" owner="BuiltIn">
<msg time="2025-09-08T17:26:25.375874" level="INFO">${current_month} = ต</msg>
<var>${current_month}</var>
<arg>${parts[0]}</arg>
<doc>Returns the given values which can then be assigned to a variables.</doc>
<status status="PASS" start="2025-09-08T17:26:25.373345" elapsed="0.002529"/>
</kw>
<kw name="Set Variable" owner="BuiltIn">
<msg time="2025-09-08T17:26:25.377874" level="INFO">${current_year} = ุ</msg>
<var>${current_year}</var>
<arg>${parts[1]}</arg>
<doc>Returns the given values which can then be assigned to a variables.</doc>
<status status="PASS" start="2025-09-08T17:26:25.375874" elapsed="0.002000"/>
</kw>
<kw name="Run Keyword If" owner="BuiltIn">
<arg>'${current_month}'=='${month}' and '${current_year}'=='${year}'</arg>
<arg>Exit For Loop</arg>
<doc>Runs the given keyword with the given arguments, if ``condition`` is true.</doc>
<status status="PASS" start="2025-09-08T17:26:25.377874" elapsed="0.000000"/>
</kw>
<kw name="Click Element" owner="SeleniumLibrary">
<msg time="2025-09-08T17:26:25.378874" level="INFO">Clicking element 'css=.react-datepicker__navigation--next'.</msg>
<arg>css=.react-datepicker__navigation--next</arg>
<doc>Click the element identified by ``locator``.</doc>
<status status="PASS" start="2025-09-08T17:26:25.378874" elapsed="0.199519"/>
</kw>
<kw name="Sleep" owner="BuiltIn">
<msg time="2025-09-08T17:26:26.079004" level="INFO">Slept 500 milliseconds.</msg>
<arg>0.5s</arg>
<doc>Pauses the test executed for the given time.</doc>
<status status="PASS" start="2025-09-08T17:26:25.578393" elapsed="0.500611"/>
</kw>
<var name="${i}">1</var>
<status status="PASS" start="2025-09-08T17:26:25.321514" elapsed="0.757490"/>
</iter>
<iter>
<kw name="Get Text" owner="SeleniumLibrary">
<msg time="2025-09-08T17:26:26.106396" level="INFO">${current} = พฤศจิกายน 2027</msg>
<var>${current}</var>
<arg>css=.react-datepicker__current-month</arg>
<doc>Returns the text value of the element identified by ``locator``.</doc>
<status status="PASS" start="2025-09-08T17:26:26.080040" elapsed="0.026356"/>
</kw>
<kw name="Evaluate" owner="BuiltIn">
<msg time="2025-09-08T17:26:26.107436" level="INFO">${parts} = พฤศจิกายน 2027.split()</msg>
<var>${parts}</var>
<arg>'${current}.split()'</arg>
<doc>Evaluates the given expression in Python and returns the result.</doc>
<status status="PASS" start="2025-09-08T17:26:26.106396" elapsed="0.001040"/>
</kw>
<kw name="Set Variable" owner="BuiltIn">
<msg time="2025-09-08T17:26:26.109516" level="INFO">${current_month} = พ</msg>
<var>${current_month}</var>
<arg>${parts[0]}</arg>
<doc>Returns the given values which can then be assigned to a variables.</doc>
<status status="PASS" start="2025-09-08T17:26:26.107436" elapsed="0.002080"/>
</kw>
<kw name="Set Variable" owner="BuiltIn">
<msg time="2025-09-08T17:26:26.110605" level="INFO">${current_year} = ฤ</msg>
<var>${current_year}</var>
<arg>${parts[1]}</arg>
<doc>Returns the given values which can then be assigned to a variables.</doc>
<status status="PASS" start="2025-09-08T17:26:26.109516" elapsed="0.001089"/>
</kw>
<kw name="Run Keyword If" owner="BuiltIn">
<arg>'${current_month}'=='${month}' and '${current_year}'=='${year}'</arg>
<arg>Exit For Loop</arg>
<doc>Runs the given keyword with the given arguments, if ``condition`` is true.</doc>
<status status="PASS" start="2025-09-08T17:26:26.110605" elapsed="0.001411"/>
</kw>
<kw name="Click Element" owner="SeleniumLibrary">
<msg time="2025-09-08T17:26:26.113018" level="INFO">Clicking element 'css=.react-datepicker__navigation--next'.</msg>
<arg>css=.react-datepicker__navigation--next</arg>
<doc>Click the element identified by ``locator``.</doc>
<status status="PASS" start="2025-09-08T17:26:26.112016" elapsed="0.167929"/>
</kw>
<kw name="Sleep" owner="BuiltIn">
<msg time="2025-09-08T17:26:26.781207" level="INFO">Slept 500 milliseconds.</msg>
<arg>0.5s</arg>
<doc>Pauses the test executed for the given time.</doc>
<status status="PASS" start="2025-09-08T17:26:26.279945" elapsed="0.501262"/>
</kw>
<var name="${i}">2</var>
<status status="PASS" start="2025-09-08T17:26:26.079004" elapsed="0.702718"/>
</iter>
<iter>
<kw name="Get Text" owner="SeleniumLibrary">
<msg time="2025-09-08T17:26:26.823711" level="INFO">${current} = ธันวาคม 2027</msg>
<var>${current}</var>
<arg>css=.react-datepicker__current-month</arg>
<doc>Returns the text value of the element identified by ``locator``.</doc>
<status status="PASS" start="2025-09-08T17:26:26.782230" elapsed="0.041481"/>
</kw>
<kw name="Evaluate" owner="BuiltIn">
<msg time="2025-09-08T17:26:26.824750" level="INFO">${parts} = ธันวาคม 2027.split()</msg>
<var>${parts}</var>
<arg>'${current}.split()'</arg>
<doc>Evaluates the given expression in Python and returns the result.</doc>
<status status="PASS" start="2025-09-08T17:26:26.824750" elapsed="0.000000"/>
</kw>
<kw name="Set Variable" owner="BuiltIn">
<msg time="2025-09-08T17:26:26.827750" level="INFO">${current_month} = ธ</msg>
<var>${current_month}</var>
<arg>${parts[0]}</arg>
<doc>Returns the given values which can then be assigned to a variables.</doc>
<status status="PASS" start="2025-09-08T17:26:26.824750" elapsed="0.003000"/>
</kw>
<kw name="Set Variable" owner="BuiltIn">
<msg time="2025-09-08T17:26:26.829751" level="INFO">${current_year} = ั</msg>
<var>${current_year}</var>
<arg>${parts[1]}</arg>
<doc>Returns the given values which can then be assigned to a variables.</doc>
<status status="PASS" start="2025-09-08T17:26:26.827750" elapsed="0.002001"/>
</kw>
<kw name="Run Keyword If" owner="BuiltIn">
<arg>'${current_month}'=='${month}' and '${current_year}'=='${year}'</arg>
<arg>Exit For Loop</arg>
<doc>Runs the given keyword with the given arguments, if ``condition`` is true.</doc>
<status status="PASS" start="2025-09-08T17:26:26.830751" elapsed="0.000000"/>
</kw>
<kw name="Click Element" owner="SeleniumLibrary">
<msg time="2025-09-08T17:26:26.831750" level="INFO">Clicking element 'css=.react-datepicker__navigation--next'.</msg>
<arg>css=.react-datepicker__navigation--next</arg>
<doc>Click the element identified by ``locator``.</doc>
<status status="PASS" start="2025-09-08T17:26:26.830751" elapsed="0.170447"/>
</kw>
<kw name="Sleep" owner="BuiltIn">
<msg time="2025-09-08T17:26:27.503144" level="INFO">Slept 500 milliseconds.</msg>
<arg>0.5s</arg>
<doc>Pauses the test executed for the given time.</doc>
<status status="PASS" start="2025-09-08T17:26:27.002198" elapsed="0.500946"/>
</kw>
<var name="${i}">3</var>
<status status="PASS" start="2025-09-08T17:26:26.781722" elapsed="0.721934"/>
</iter>
<iter>
<kw name="Get Text" owner="SeleniumLibrary">
<msg time="2025-09-08T17:26:27.530003" level="INFO">${current} = มกราคม 2028</msg>
<var>${current}</var>
<arg>css=.react-datepicker__current-month</arg>
<doc>Returns the text value of the element identified by ``locator``.</doc>
<status status="PASS" start="2025-09-08T17:26:27.503656" elapsed="0.026347"/>
</kw>
<kw name="Evaluate" owner="BuiltIn">
<msg time="2025-09-08T17:26:27.530996" level="INFO">${parts} = มกราคม 2028.split()</msg>
<var>${parts}</var>
<arg>'${current}.split()'</arg>
<doc>Evaluates the given expression in Python and returns the result.</doc>
<status status="PASS" start="2025-09-08T17:26:27.530003" elapsed="0.000993"/>
</kw>
<kw name="Set Variable" owner="BuiltIn">
<msg time="2025-09-08T17:26:27.531995" level="INFO">${current_month} = ม</msg>
<var>${current_month}</var>
<arg>${parts[0]}</arg>
<doc>Returns the given values which can then be assigned to a variables.</doc>
<status status="PASS" start="2025-09-08T17:26:27.530996" elapsed="0.000999"/>
</kw>
<kw name="Set Variable" owner="BuiltIn">
<msg time="2025-09-08T17:26:27.536508" level="INFO">${current_year} = ก</msg>
<var>${current_year}</var>
<arg>${parts[1]}</arg>
<doc>Returns the given values which can then be assigned to a variables.</doc>
<status status="PASS" start="2025-09-08T17:26:27.532996" elapsed="0.003512"/>
</kw>
<kw name="Run Keyword If" owner="BuiltIn">
<arg>'${current_month}'=='${month}' and '${current_year}'=='${year}'</arg>
<arg>Exit For Loop</arg>
<doc>Runs the given keyword with the given arguments, if ``condition`` is true.</doc>
<status status="PASS" start="2025-09-08T17:26:27.536508" elapsed="0.000000"/>
</kw>
<kw name="Click Element" owner="SeleniumLibrary">
<msg time="2025-09-08T17:26:27.537519" level="INFO">Clicking element 'css=.react-datepicker__navigation--next'.</msg>
<arg>css=.react-datepicker__navigation--next</arg>
<doc>Click the element identified by ``locator``.</doc>
<status status="PASS" start="2025-09-08T17:26:27.537519" elapsed="0.172394"/>
</kw>
[...]
<doc>Pauses the test executed for the given time.</doc>
<status status="PASS" start="2025-09-08T17:27:33.012644" elapsed="0.501593"/>
</kw>
<var name="${i}">23</var>
<status status="PASS" start="2025-09-08T17:27:32.830548" elapsed="0.684205"/>
</iter>
<var>${i}</var>
<value>24</value>
<status status="PASS" start="2025-09-08T17:27:16.815013" elapsed="16.700254"/>
</for>
<kw name="Set Variable" owner="BuiltIn">
<msg time="2025-09-08T17:27:33.516304" level="INFO">${day_locator} = xpath=//div[contains(@class,"react-datepicker__day") and not(contains(@class,"outside-month")) and normalize-space(text())="15"]</msg>
<var>${day_locator}</var>
<arg>xpath=//div[contains(@class,"react-datepicker__day") and not(contains(@class,"outside-month")) and normalize-space(text())="${day}"]</arg>
<doc>Returns the given values which can then be assigned to a variables.</doc>
<status status="PASS" start="2025-09-08T17:27:33.515267" elapsed="0.001037"/>
</kw>
<kw name="Click Element" owner="SeleniumLibrary">
<msg time="2025-09-08T17:27:33.517285" level="INFO">Clicking element 'xpath=//div[contains(@class,"react-datepicker__day") and not(contains(@class,"outside-month")) and normalize-space(text())="15"]'.</msg>
<arg>${day_locator}</arg>
<doc>Click the element identified by ``locator``.</doc>
<status status="PASS" start="2025-09-08T17:27:33.516304" elapsed="0.125727"/>
</kw>
<kw name="Sleep" owner="BuiltIn">
<msg time="2025-09-08T17:27:34.143861" level="INFO">Slept 500 milliseconds.</msg>
<arg>0.5s</arg>
<doc>Pauses the test executed for the given time.</doc>
<status status="PASS" start="2025-09-08T17:27:33.642031" elapsed="0.501830"/>
</kw>
<arg>end</arg>
<arg>${EDIT_PROMOTION_END_DAY}</arg>
<arg>${EDIT_PROMOTION_END_MONTH}</arg>
<arg>${EDIT_PROMOTION_END_YEAR}</arg>
<status status="PASS" start="2025-09-08T17:27:16.592219" elapsed="17.552685"/>
</kw>
<kw name="Input Edit Promotion Discounted Price" owner="promotion_keywords">
<kw name="Clear Element Text" owner="SeleniumLibrary">
<msg time="2025-09-08T17:27:34.405103" level="INFO" html="true">&lt;/td&gt;&lt;/tr&gt;&lt;tr&gt;&lt;td colspan="3"&gt;&lt;a href="selenium-screenshot-106.png"&gt;&lt;img src="selenium-screenshot-106.png" width="800px"&gt;&lt;/a&gt;</msg>
<msg time="2025-09-08T17:27:34.405103" level="FAIL">Element with locator 'id=edit-promotion-discounted-price-input' not found.</msg>
<arg>id=edit-promotion-discounted-price-input</arg>
<doc>Clears the value of the text-input-element identified by ``locator``.</doc>
<status status="FAIL" start="2025-09-08T17:27:34.145920" elapsed="0.261327">Element with locator 'id=edit-promotion-discounted-price-input' not found.</status>
</kw>
<kw name="Input Text" owner="SeleniumLibrary">
<arg>id=edit-promotion-discounted-price-input</arg>
<arg>${price}</arg>
<doc>Types the given ``text`` into the text field identified by ``locator``.</doc>
<status status="NOT RUN" start="2025-09-08T17:27:34.407247" elapsed="0.000000"/>
</kw>
<arg>${EDIT_PROMOTION_DISCOUNTED}</arg>
<status status="FAIL" start="2025-09-08T17:27:34.144904" elapsed="0.263887">Element with locator 'id=edit-promotion-discounted-price-input' not found.</status>
</kw>
<kw name="Select Edit Promotion Lot" owner="promotion_keywords">
<arg>${EDIT_PROMOTION_LOT_LABEL}</arg>
<status status="NOT RUN" start="2025-09-08T17:27:34.408791" elapsed="0.001040"/>
</kw>
<kw name="Submit Edit Promotion" owner="promotion_keywords">
<status status="NOT RUN" start="2025-09-08T17:27:34.410806" elapsed="0.000000"/>
</kw>
<status status="FAIL" start="2025-09-08T17:26:55.427944" elapsed="38.983862">Element with locator 'id=edit-promotion-discounted-price-input' not found.</status>
</test>
<kw name="Close All Browsers" owner="SeleniumLibrary" type="TEARDOWN">
<doc>Closes all open browsers and resets the browser cache.</doc>
<status status="PASS" start="2025-09-08T17:27:34.412835" elapsed="2.409618"/>
</kw>
<status status="FAIL" start="2025-09-08T17:26:51.288432" elapsed="45.534021"/>
</suite>
<suite id="s1-s3" name="TC6003" source="D:\RobotPOS\promotion_tests\TC6003.robot">
<kw name="Open Browser To Login Page" owner="promotion_keywords" type="SETUP">
<kw name="Open Browser" owner="SeleniumLibrary">
<msg time="2025-09-08T17:27:36.853699" level="INFO">Opening browser 'chrome' to base url 'http://localhost:5173'.</msg>
<arg>${BASE_URL}</arg>
<arg>${BROWSER}</arg>
<doc>Opens a new browser instance to the optional ``url``.</doc>
<status status="PASS" start="2025-09-08T17:27:36.852697" elapsed="2.199752"/>
</kw>
<kw name="Maximize Browser Window" owner="SeleniumLibrary">
<doc>Maximizes current browser window.</doc>
<status status="PASS" start="2025-09-08T17:27:39.052449" elapsed="0.487959"/>
</kw>
<kw name="Wait Until Element Is Visible" owner="SeleniumLibrary">
<arg>css=input[name="username"]</arg>
<arg>${TIMEOUT}</arg>
<doc>Waits until the element ``locator`` is visible.</doc>
<status status="PASS" start="2025-09-08T17:27:39.540408" elapsed="0.037912"/>
</kw>
<status status="PASS" start="2025-09-08T17:27:36.852697" elapsed="2.726647"/>
</kw>
<test id="s1-s3-t1" name="ลบโปรโมชั่น (TC6003)" line="11">
<kw name="Login Using Resource" owner="promotion_keywords">
<kw name="Input Username" owner="promotion_keywords">
<kw name="Input Text" owner="SeleniumLibrary">
<msg time="2025-09-08T17:27:39.583824" level="INFO">Typing text 'BN' into text field 'css=input[name='username']'.</msg>
<arg>css=input[name='username']</arg>
<arg>${username}</arg>
<doc>Types the given ``text`` into the text field identified by ``locator``.</doc>
<status status="PASS" start="2025-09-08T17:27:39.582828" elapsed="0.199067"/>
</kw>
<arg>${VALID_USER}</arg>
<status status="PASS" start="2025-09-08T17:27:39.581343" elapsed="0.200552"/>
</kw>
<kw name="Input Password" owner="promotion_keywords">
<kw name="Input Text" owner="SeleniumLibrary">
<msg time="2025-09-08T17:27:39.783353" level="INFO">Typing text '123' into text field 'css=input[name='password']'.</msg>
<arg>css=input[name='password']</arg>
<arg>${password}</arg>
<doc>Types the given ``text`` into the text field identified by ``locator``.</doc>
<status status="PASS" start="2025-09-08T17:27:39.781895" elapsed="0.150006"/>
</kw>
<arg>${VALID_PASSWORD}</arg>
<status status="PASS" start="2025-09-08T17:27:39.781895" elapsed="0.150006"/>
</kw>
<kw name="Submit Credentials" owner="promotion_keywords">
<kw name="Click Button" owner="SeleniumLibrary">
<msg time="2025-09-08T17:27:39.932903" level="INFO">Clicking button 'css=button[type='submit']'.</msg>
<arg>css=button[type='submit']</arg>
<doc>Clicks the button identified by ``locator``.</doc>
<status status="PASS" start="2025-09-08T17:27:39.932903" elapsed="0.161564"/>
</kw>
<status status="PASS" start="2025-09-08T17:27:39.932903" elapsed="0.161564"/>
</kw>
<kw name="Welcome Page Should Be Open" owner="promotion_keywords">
<kw name="Wait Until Page Contains Element" owner="SeleniumLibrary">
<arg>xpath=//*[@id="root"]/div/aside/div/nav/div/a[2]</arg>
<arg>${TIMEOUT}</arg>
<doc>Waits until the element ``locator`` appears on the current page.</doc>
<status status="PASS" start="2025-09-08T17:27:40.095484" elapsed="0.243476"/>
</kw>
<status status="PASS" start="2025-09-08T17:27:40.094467" elapsed="0.244493"/>
</kw>
<kw name="Sleep" owner="BuiltIn">
<msg time="2025-09-08T17:27:41.340578" level="INFO">Slept 1 second.</msg>
<arg>1s</arg>
<doc>Pauses the test executed for the given time.</doc>
<status status="PASS" start="2025-09-08T17:27:40.338960" elapsed="1.001618"/>
</kw>
<status status="PASS" start="2025-09-08T17:27:39.581343" elapsed="1.759235"/>
</kw>
<kw name="Go To Promotion Page" owner="promotion_keywords">
<kw name="Go To" owner="SeleniumLibrary">
<msg time="2025-09-08T17:27:41.342592" level="INFO">Opening url 'http://localhost:5173/management/promotions'</msg>
<arg>${BASE_URL}/management/promotions</arg>
<doc>Navigates the current browser window to the provided ``url``.</doc>
<status status="PASS" start="2025-09-08T17:27:41.342592" elapsed="0.231817"/>
</kw>
<kw name="Wait Until Page Contains Element" owner="SeleniumLibrary">
<arg>id=create-promotion-button</arg>
<arg>${TIMEOUT}</arg>
<doc>Waits until the element ``locator`` appears on the current page.</doc>
<status status="PASS" start="2025-09-08T17:27:41.574409" elapsed="0.081095"/>
</kw>
<status status="PASS" start="2025-09-08T17:27:41.341591" elapsed="0.313913"/>
</kw>
<kw name="Search Promotion By Name" owner="promotion_keywords">
<kw name="Wait Until Element Is Visible" owner="SeleniumLibrary">
<arg>id=promotion-search-input</arg>
<arg>${TIMEOUT}</arg>
<doc>Waits until the element ``locator`` is visible.</doc>
<status status="PASS" start="2025-09-08T17:27:41.657236" elapsed="0.052336"/>
</kw>
<kw name="Clear Element Text" owner="SeleniumLibrary">
<arg>id=promotion-search-input</arg>
<doc>Clears the value of the text-input-element identified by ``locator``.</doc>
<status status="PASS" start="2025-09-08T17:27:41.710612" elapsed="0.059535"/>
</kw>
<kw name="Input Text" owner="SeleniumLibrary">
<msg time="2025-09-08T17:27:41.771202" level="INFO">Typing text 'sale คุ้มสุดคุ้ม 1' into text field 'id=promotion-search-input'.</msg>
<arg>id=promotion-search-input</arg>
<arg>${query}</arg>
<doc>Types the given ``text`` into the text field identified by ``locator``.</doc>
<status status="PASS" start="2025-09-08T17:27:41.770147" elapsed="0.280736"/>
</kw>
<kw name="Sleep" owner="BuiltIn">
<msg time="2025-09-08T17:27:42.552119" level="INFO">Slept 500 milliseconds.</msg>
<arg>0.5s</arg>
<doc>Pauses the test executed for the given time.</doc>
<status status="PASS" start="2025-09-08T17:27:42.051877" elapsed="0.500242"/>
</kw>
<arg>${DELETE_PROMOTION_SEARCH}</arg>
<status status="PASS" start="2025-09-08T17:27:41.656645" elapsed="0.895474"/>
</kw>
<kw name="Open Delete Promotion Modal" owner="promotion_keywords">
<kw name="Wait Until Element Is Visible" owner="SeleniumLibrary">
<msg time="2025-09-08T17:28:02.923192" level="INFO" html="true">&lt;/td&gt;&lt;/tr&gt;&lt;tr&gt;&lt;td colspan="3"&gt;&lt;a href="selenium-screenshot-107.png"&gt;&lt;img src="selenium-screenshot-107.png" width="800px"&gt;&lt;/a&gt;</msg>
<msg time="2025-09-08T17:28:02.924433" level="FAIL">Element 'xpath=//button[contains(@id,'delete-promotion-button')]' not visible after 20 seconds.</msg>
<arg>xpath=//button[contains(@id,'delete-promotion-button')]</arg>
<arg>${TIMEOUT}</arg>
<doc>Waits until the element ``locator`` is visible.</doc>
<status status="FAIL" start="2025-09-08T17:27:42.554172" elapsed="20.372262">Element 'xpath=//button[contains(@id,'delete-promotion-button')]' not visible after 20 seconds.</status>
</kw>
<kw name="Click Element" owner="SeleniumLibrary">
<arg>xpath=//button[contains(@id,'delete-promotion-button')]</arg>
<doc>Click the element identified by ``locator``.</doc>
<status status="NOT RUN" start="2025-09-08T17:28:02.926434" elapsed="0.000000"/>
</kw>
<kw name="Wait Until Element Is Visible" owner="SeleniumLibrary">
<arg>xpath=//div[contains(@class,'modal')]//button</arg>
<arg>${TIMEOUT}</arg>
<doc>Waits until the element ``locator`` is visible.</doc>
<status status="NOT RUN" start="2025-09-08T17:28:02.926434" elapsed="0.000000"/>
</kw>
<status status="FAIL" start="2025-09-08T17:27:42.553154" elapsed="20.374279">Element 'xpath=//button[contains(@id,'delete-promotion-button')]' not visible after 20 seconds.</status>
</kw>
<kw name="Confirm Delete Promotion" owner="promotion_keywords">
<status status="NOT RUN" start="2025-09-08T17:28:02.927433" elapsed="0.001006"/>
</kw>
<status status="FAIL" start="2025-09-08T17:27:39.579344" elapsed="23.349095">Element 'xpath=//button[contains(@id,'delete-promotion-button')]' not visible after 20 seconds.</status>
</test>
<kw name="Close All Browsers" owner="SeleniumLibrary" type="TEARDOWN">
<doc>Closes all open browsers and resets the browser cache.</doc>
<status status="PASS" start="2025-09-08T17:28:02.929623" elapsed="2.468663"/>
</kw>
<status status="FAIL" start="2025-09-08T17:27:36.824469" elapsed="28.573817"/>
</suite>
<suite id="s1-s4" name="TC6004" source="D:\RobotPOS\promotion_tests\TC6004.robot">
<kw name="Open Browser To Login Page" owner="promotion_keywords" type="SETUP">
<kw name="Open Browser" owner="SeleniumLibrary">
<msg time="2025-09-08T17:28:05.424529" level="INFO">Opening browser 'chrome' to base url 'http://localhost:5173'.</msg>
<arg>${BASE_URL}</arg>
<arg>${BROWSER}</arg>
<doc>Opens a new browser instance to the optional ``url``.</doc>
<status status="PASS" start="2025-09-08T17:28:05.424529" elapsed="2.196240"/>
</kw>
<kw name="Maximize Browser Window" owner="SeleniumLibrary">
<doc>Maximizes current browser window.</doc>
<status status="PASS" start="2025-09-08T17:28:07.620769" elapsed="0.609975"/>
</kw>
<kw name="Wait Until Element Is Visible" owner="SeleniumLibrary">
<arg>css=input[name="username"]</arg>
<arg>${TIMEOUT}</arg>
<doc>Waits until the element ``locator`` is visible.</doc>
<status status="PASS" start="2025-09-08T17:28:08.230744" elapsed="0.036821"/>
</kw>
<status status="PASS" start="2025-09-08T17:28:05.423526" elapsed="2.844039"/>
</kw>
<test id="s1-s4-t1" name="ปริ้นบาร์โค้ดโปรโมชั่นทั้งหมด (TC6004)" line="11">
<kw name="Login Using Resource" owner="promotion_keywords">
<kw name="Input Username" owner="promotion_keywords">
<kw name="Input Text" owner="SeleniumLibrary">
<msg time="2025-09-08T17:28:08.273146" level="INFO">Typing text 'BN' into text field 'css=input[name='username']'.</msg>
<arg>css=input[name='username']</arg>
<arg>${username}</arg>
<doc>Types the given ``text`` into the text field identified by ``locator``.</doc>
<status status="PASS" start="2025-09-08T17:28:08.272145" elapsed="0.202664"/>
</kw>
<arg>${VALID_USER}</arg>
<status status="PASS" start="2025-09-08T17:28:08.271126" elapsed="0.205019"/>
</kw>
<kw name="Input Password" owner="promotion_keywords">
<kw name="Input Text" owner="SeleniumLibrary">
<msg time="2025-09-08T17:28:08.478145" level="INFO">Typing text '123' into text field 'css=input[name='password']'.</msg>
<arg>css=input[name='password']</arg>
<arg>${password}</arg>
<doc>Types the given ``text`` into the text field identified by ``locator``.</doc>
<status status="PASS" start="2025-09-08T17:28:08.477149" elapsed="0.177738"/>
</kw>
<arg>${VALID_PASSWORD}</arg>
<status status="PASS" start="2025-09-08T17:28:08.476145" elapsed="0.178742"/>
</kw>
<kw name="Submit Credentials" owner="promotion_keywords">
<kw name="Click Button" owner="SeleniumLibrary">
<msg time="2025-09-08T17:28:08.656902" level="INFO">Clicking button 'css=button[type='submit']'.</msg>
<arg>css=button[type='submit']</arg>
<doc>Clicks the button identified by ``locator``.</doc>
<status status="PASS" start="2025-09-08T17:28:08.655901" elapsed="0.170625"/>
</kw>
<status status="PASS" start="2025-09-08T17:28:08.655901" elapsed="0.171511"/>
</kw>
<kw name="Welcome Page Should Be Open" owner="promotion_keywords">
<kw name="Wait Until Page Contains Element" owner="SeleniumLibrary">
<arg>xpath=//*[@id="root"]/div/aside/div/nav/div/a[2]</arg>
<arg>${TIMEOUT}</arg>
<doc>Waits until the element ``locator`` appears on the current page.</doc>
<status status="PASS" start="2025-09-08T17:28:08.828410" elapsed="0.257505"/>
</kw>
<status status="PASS" start="2025-09-08T17:28:08.827412" elapsed="0.258503"/>
</kw>
<kw name="Sleep" owner="BuiltIn">
<msg time="2025-09-08T17:28:10.086415" level="INFO">Slept 1 second.</msg>
<arg>1s</arg>
<doc>Pauses the test executed for the given time.</doc>
<status status="PASS" start="2025-09-08T17:28:09.085915" elapsed="1.000500"/>
</kw>
<status status="PASS" start="2025-09-08T17:28:08.269614" elapsed="1.816801"/>
</kw>
<kw name="Go To Promotion Page" owner="promotion_keywords">
<kw name="Go To" owner="SeleniumLibrary">
<msg time="2025-09-08T17:28:10.088462" level="INFO">Opening url 'http://localhost:5173/management/promotions'</msg>
<arg>${BASE_URL}/management/promotions</arg>
<doc>Navigates the current browser window to the provided ``url``.</doc>
<status status="PASS" start="2025-09-08T17:28:10.088462" elapsed="0.234535"/>
</kw>
<kw name="Wait Until Page Contains Element" owner="SeleniumLibrary">
<arg>id=create-promotion-button</arg>
<arg>${TIMEOUT}</arg>
<doc>Waits until the element ``locator`` appears on the current page.</doc>
<status status="PASS" start="2025-09-08T17:28:10.322997" elapsed="0.112250"/>
</kw>
<status status="PASS" start="2025-09-08T17:28:10.087438" elapsed="0.347809"/>
</kw>
<kw name="Open Print Promotions Modal" owner="promotion_keywords">
<kw name="Wait Until Element Is Visible" owner="SeleniumLibrary">
<arg>id=${PRINT_BUTTON_ID}</arg>
<arg>${TIMEOUT}</arg>
<doc>Waits until the element ``locator`` is visible.</doc>
<status status="PASS" start="2025-09-08T17:28:10.436767" elapsed="0.032821"/>
</kw>
<kw name="Click Element" owner="SeleniumLibrary">
<msg time="2025-09-08T17:28:10.469588" level="INFO">Clicking element 'id=print-all-promotions-button'.</msg>
<arg>id=${PRINT_BUTTON_ID}</arg>
<doc>Click the element identified by ``locator``.</doc>
<status status="PASS" start="2025-09-08T17:28:10.469588" elapsed="0.137485"/>
</kw>
<kw name="Wait Until Element Is Visible" owner="SeleniumLibrary">
<msg time="2025-09-08T17:28:30.953100" level="INFO" html="true">&lt;/td&gt;&lt;/tr&gt;&lt;tr&gt;&lt;td colspan="3"&gt;&lt;a href="selenium-screenshot-108.png"&gt;&lt;img src="selenium-screenshot-108.png" width="800px"&gt;&lt;/a&gt;</msg>
<msg time="2025-09-08T17:28:30.953100" level="FAIL">Element 'xpath=//div[contains(@class,'modal')]' not visible after 20 seconds.</msg>
<arg>xpath=//div[contains(@class,'modal')]</arg>
<arg>${TIMEOUT}</arg>
<doc>Waits until the element ``locator`` is visible.</doc>
<status status="FAIL" start="2025-09-08T17:28:10.607073" elapsed="20.347141">Element 'xpath=//div[contains(@class,'modal')]' not visible after 20 seconds.</status>
</kw>
<status status="FAIL" start="2025-09-08T17:28:10.436767" elapsed="20.518451">Element 'xpath=//div[contains(@class,'modal')]' not visible after 20 seconds.</status>
</kw>
<kw name="Configure Print Options" owner="promotion_keywords">
<arg>${PRINT_PAGE_COUNT}</arg>
<arg>${PRINT_PER_PAGE}</arg>
<arg>${PRINT_LAYOUT_SUMMARY}</arg>
<arg>${PRINT_INCLUDE_ACTIVE}</arg>
<arg>${PRINT_INCLUDE_EXPIRED}</arg>
<status status="NOT RUN" start="2025-09-08T17:28:30.956217" elapsed="0.000000"/>
</kw>
<kw name="Submit Print Promotions" owner="promotion_keywords">
<status status="NOT RUN" start="2025-09-08T17:28:30.956217" elapsed="0.000000"/>
</kw>
<status status="FAIL" start="2025-09-08T17:28:08.267565" elapsed="22.690254">Element 'xpath=//div[contains(@class,'modal')]' not visible after 20 seconds.</status>
</test>
<kw name="Close All Browsers" owner="SeleniumLibrary" type="TEARDOWN">
<doc>Closes all open browsers and resets the browser cache.</doc>
<status status="PASS" start="2025-09-08T17:28:30.959199" elapsed="2.455738"/>
</kw>
<status status="FAIL" start="2025-09-08T17:28:05.399820" elapsed="28.016117"/>
</suite>
<status status="FAIL" start="2025-09-08T17:25:53.151238" elapsed="160.266732"/>
</suite>
<statistics>
<total>
<stat pass="0" fail="4" skip="0">All Tests</stat>
</total>
<tag>
</tag>
<suite>
<stat name="TC6001 &amp; TC6002 &amp; TC6003 &amp; TC6004" id="s1" pass="0" fail="4" skip="0">TC6001 &amp; TC6002 &amp; TC6003 &amp; TC6004</stat>
<stat name="TC6001" id="s1-s1" pass="0" fail="1" skip="0">TC6001 &amp; TC6002 &amp; TC6003 &amp; TC6004.TC6001</stat>
<stat name="TC6002" id="s1-s2" pass="0" fail="1" skip="0">TC6001 &amp; TC6002 &amp; TC6003 &amp; TC6004.TC6002</stat>
<stat name="TC6003" id="s1-s3" pass="0" fail="1" skip="0">TC6001 &amp; TC6002 &amp; TC6003 &amp; TC6004.TC6003</stat>
<stat name="TC6004" id="s1-s4" pass="0" fail="1" skip="0">TC6001 &amp; TC6002 &amp; TC6003 &amp; TC6004.TC6004</stat>
</suite>
</statistics>
<errors>
<msg time="2025-09-08T17:26:48.640899" level="WARN">Keyword 'BuiltIn.Run Keyword Unless' is deprecated. </msg>
<msg time="2025-09-08T17:26:48.888515" level="WARN">Keyword 'BuiltIn.Run Keyword Unless' is deprecated. </msg>
</errors>
</robot>
